=== INICIO DE SIMULACIÓN CONCURRENTE ===
Avión 34 envió petición: LANDING_REQUESTED
Avión 53 envió petición: LANDING_REQUESTED
Avión 52 envió petición: LANDING_REQUESTED
Avión 35 envió petición: LANDING_REQUESTED
Avión 36 envió petición: LANDING_REQUESTED
Avión 38 envió petición: LANDING_REQUESTED
Avión 37 envió petición: LANDING_REQUESTED
Avión 39 envió petición: LANDING_REQUESTED
Avión 50 envió petición: LANDING_REQUESTED
Avión 41 envió petición: LANDING_REQUESTED
Avión 40 envió petición: LANDING_REQUESTED
Avión 49 envió petición: LANDING_REQUESTED
Avión 46 envió petición: LANDING_REQUESTED
Avión 43 envió petición: LANDING_REQUESTED
Avión 44 envió petición: LANDING_REQUESTED
Avión 48 envió petición: LANDING_REQUESTED
Avión 42 envió petición: LANDING_REQUESTED
Avión 47 envió petición: LANDING_REQUESTED
Avión 51 envió petición: LANDING_REQUESTED
Avión 45 envió petición: LANDING_REQUESTED
Avión 36 envió petición: LANDING_REQUESTED
Avión 37 envió petición: LANDING_REQUESTED
Avión 39 envió petición: LANDING_REQUESTED
Avión 38 envió petición: LANDING_REQUESTED
Avión 35 envió petición: LANDING_REQUESTED
Avión 50 envió petición: LANDING_REQUESTED
Avión 41 envió petición: LANDING_REQUESTED
Avión 40 envió petición: LANDING_REQUESTED
Avión 49 envió petición: LANDING_REQUESTED
Avión 46 envió petición: LANDING_REQUESTED
Avión 34 envió petición: LANDED
Avión 43 envió petición: LANDING_REQUESTED
Avión 48 envió petición: LANDING_REQUESTED
Avión 42 envió petición: LANDING_REQUESTED
Avión 44 envió petición: LANDING_REQUESTED
Avión 53 envió petición: LANDED
Avión 52 envió petición: LANDED
Avión 47 envió petición: LANDING_REQUESTED
Avión 51 envió petición: LANDING_REQUESTED
Avión 45 envió petición: LANDING_REQUESTED
Avión 36 envió petición: LANDING_REQUESTED
Avión 37 envió petición: LANDING_REQUESTED
Avión 39 envió petición: LANDING_REQUESTED
Avión 38 envió petición: LANDING_REQUESTED
Avión 35 envió petición: LANDING_REQUESTED
Avión 50 envió petición: LANDING_REQUESTED
Avión 41 envió petición: LANDING_REQUESTED
Avión 40 envió petición: LANDING_REQUESTED
Avión 49 envió petición: LANDING_REQUESTED
Avión 46 envió petición: LANDING_REQUESTED
Avión 48 envió petición: LANDING_REQUESTED
Avión 42 envió petición: LANDING_REQUESTED
Avión 44 envió petición: LANDING_REQUESTED
Avión 51 envió petición: LANDING_REQUESTED
Avión 45 envió petición: LANDING_REQUESTED
Avión 36 envió petición: LANDING_REQUESTED
Avión 37 envió petición: LANDING_REQUESTED
Avión 39 envió petición: LANDING_REQUESTED
Avión 43 envió petición: LANDED
Avión 38 envió petición: LANDING_REQUESTED
Avión 35 envió petición: LANDING_REQUESTED
Avión 50 envió petición: LANDING_REQUESTED
Avión 41 envió petición: LANDING_REQUESTED
Avión 47 envió petición: LANDED
Avión 34 envió petición: BOARDED
Avión 40 envió petición: LANDING_REQUESTED
Avión 49 envió petición: LANDING_REQUESTED
Avión 46 envió petición: LANDING_REQUESTED
Avión 48 envió petición: LANDING_REQUESTED
Avión 52 envió petición: BOARDED
Avión 53 envió petición: BOARDED
Avión 42 envió petición: LANDING_REQUESTED
Avión 44 envió petición: LANDING_REQUESTED
Avión 51 envió petición: LANDING_REQUESTED
Avión 45 envió petición: LANDING_REQUESTED
Avión 36 envió petición: LANDING_REQUESTED
Avión 37 envió petición: LANDING_REQUESTED
Avión 39 envió petición: LANDING_REQUESTED
Avión 38 envió petición: LANDING_REQUESTED
Avión 35 envió petición: LANDING_REQUESTED
Avión 50 envió petición: LANDING_REQUESTED
Avión 41 envió petición: LANDING_REQUESTED
Avión 49 envió petición: LANDING_REQUESTED
Avión 46 envió petición: LANDING_REQUESTED
Avión 34 envió petición: TAKEOFF_REQUESTED
Avión 48 envió petición: LANDING_REQUESTED
Avión 51 envió petición: LANDING_REQUESTED
Avión 52 envió petición: TAKEOFF_REQUESTED
Avión 53 envió petición: TAKEOFF_REQUESTED
Avión 45 envió petición: LANDING_REQUESTED
Avión 36 envió petición: LANDING_REQUESTED
Avión 37 envió petición: LANDING_REQUESTED
Avión 39 envió petición: LANDING_REQUESTED
Avión 43 envió petición: BOARDED
Avión 38 envió petición: LANDING_REQUESTED
Avión 35 envió petición: LANDING_REQUESTED
Avión 40 envió petición: LANDED
Avión 50 envió petición: LANDING_REQUESTED
Avión 41 envió petición: LANDING_REQUESTED
Avión 49 envió petición: LANDING_REQUESTED
Avión 42 envió petición: LANDED
Avión 44 envió petición: LANDED
Avión 47 envió petición: BOARDED
Avión 46 envió petición: LANDING_REQUESTED
Avión 34 envió petición: TAKEOFF_REQUESTED
Avión 48 envió petición: LANDING_REQUESTED
Avión 51 envió petición: LANDING_REQUESTED
Avión 52 envió petición: TAKEOFF_REQUESTED
Avión 53 envió petición: TAKEOFF_REQUESTED
Avión 45 envió petición: LANDING_REQUESTED
Avión 36 envió petición: LANDING_REQUESTED
Avión 37 envió petición: LANDING_REQUESTED
Avión 39 envió petición: LANDING_REQUESTED
Avión 38 envió petición: LANDING_REQUESTED
Avión 43 envió petición: TAKEOFF_REQUESTED
Avión 35 envió petición: LANDING_REQUESTED
Avión 41 envió petición: LANDING_REQUESTED
Avión 49 envió petición: LANDING_REQUESTED
Avión 47 envió petición: TAKEOFF_REQUESTED
Avión 48 envió petición: LANDING_REQUESTED
Avión 51 envió petición: LANDING_REQUESTED
Avión 52 envió petición: TAKEOFF_REQUESTED
Avión 53 envió petición: TAKEOFF_REQUESTED
Avión 45 envió petición: LANDING_REQUESTED
Avión 36 envió petición: LANDING_REQUESTED
Avión 37 envió petición: LANDING_REQUESTED
Avión 39 envió petición: LANDING_REQUESTED
Avión 50 envió petición: LANDED
Avión 34 envió petición: DEPARTED
Avión 38 envió petición: LANDING_REQUESTED
Avión 46 envió petición: LANDED
Avión 43 envió petición: TAKEOFF_REQUESTED
Avión 35 envió petición: LANDING_REQUESTED
Avión 41 envió petición: LANDING_REQUESTED
Avión 40 envió petición: BOARDED
Avión 49 envió petición: LANDING_REQUESTED
Avión 44 envió petición: BOARDED
Avión 42 envió petición: BOARDED
Avión 47 envió petición: TAKEOFF_REQUESTED
Avión 48 envió petición: LANDING_REQUESTED
Avión 51 envió petición: LANDING_REQUESTED
Avión 52 envió petición: TAKEOFF_REQUESTED
Avión 53 envió petición: TAKEOFF_REQUESTED
Avión 45 envió petición: LANDING_REQUESTED
Avión 36 envió petición: LANDING_REQUESTED
Avión 37 envió petición: LANDING_REQUESTED
Avión 39 envió petición: LANDING_REQUESTED
Avión 38 envió petición: LANDING_REQUESTED
Avión 35 envió petición: LANDING_REQUESTED
Avión 41 envió petición: LANDING_REQUESTED
Avión 44 envió petición: TAKEOFF_REQUESTED
Avión 40 envió petición: TAKEOFF_REQUESTED
Avión 51 envió petición: LANDING_REQUESTED
Avión 42 envió petición: TAKEOFF_REQUESTED
Avión 48 envió petición: LANDING_REQUESTED
Avión 52 envió petición: TAKEOFF_REQUESTED
Avión 53 envió petición: TAKEOFF_REQUESTED
Avión 45 envió petición: LANDING_REQUESTED
Avión 36 envió petición: LANDING_REQUESTED
Avión 37 envió petición: LANDING_REQUESTED
Avión 43 envió petición: DEPARTED
Avión 39 envió petición: LANDING_REQUESTED
Avión 38 envió petición: LANDING_REQUESTED
Avión 35 envió petición: LANDING_REQUESTED
Avión 49 envió petición: LANDED
Avión 47 envió petición: DEPARTED
Avión 50 envió petición: BOARDED
Avión 41 envió petición: LANDING_REQUESTED
Avión 46 envió petición: BOARDED
Avión 44 envió petición: TAKEOFF_REQUESTED
Avión 40 envió petición: TAKEOFF_REQUESTED
Avión 51 envió petición: LANDING_REQUESTED
Avión 42 envió petición: TAKEOFF_REQUESTED
Avión 48 envió petición: LANDING_REQUESTED
Avión 52 envió petición: TAKEOFF_REQUESTED
Avión 53 envió petición: TAKEOFF_REQUESTED
Avión 45 envió petición: LANDING_REQUESTED
Avión 36 envió petición: LANDING_REQUESTED
Avión 37 envió petición: LANDING_REQUESTED
Avión 38 envió petición: LANDING_REQUESTED
Avión 35 envió petición: LANDING_REQUESTED
Avión 40 envió petición: TAKEOFF_REQUESTED
Avión 50 envió petición: TAKEOFF_REQUESTED
Avión 46 envió petición: TAKEOFF_REQUESTED
Avión 51 envió petición: LANDING_REQUESTED
Avión 42 envió petición: TAKEOFF_REQUESTED
Avión 48 envió petición: LANDING_REQUESTED
Avión 52 envió petición: TAKEOFF_REQUESTED
Avión 53 envió petición: TAKEOFF_REQUESTED
Avión 45 envió petición: LANDING_REQUESTED
Avión 36 envió petición: LANDING_REQUESTED
Avión 39 envió petición: LANDED
Avión 44 envió petición: DEPARTED
Avión 41 envió petición: LANDED
Avión 37 envió petición: LANDING_REQUESTED
Avión 38 envió petición: LANDING_REQUESTED
Avión 35 envió petición: LANDING_REQUESTED
Avión 40 envió petición: TAKEOFF_REQUESTED
Avión 49 envió petición: BOARDED
Avión 50 envió petición: TAKEOFF_REQUESTED
Avión 46 envió petición: TAKEOFF_REQUESTED
Avión 51 envió petición: LANDING_REQUESTED
Avión 42 envió petición: TAKEOFF_REQUESTED
Avión 48 envió petición: LANDING_REQUESTED
Avión 52 envió petición: TAKEOFF_REQUESTED
Avión 53 envió petición: TAKEOFF_REQUESTED
Avión 45 envió petición: LANDING_REQUESTED
Avión 36 envió petición: LANDING_REQUESTED
Avión 35 envió petición: LANDING_REQUESTED
Avión 50 envió petición: TAKEOFF_REQUESTED
Avión 49 envió petición: TAKEOFF_REQUESTED
Avión 46 envió petición: TAKEOFF_REQUESTED
Avión 51 envió petición: LANDING_REQUESTED
Avión 42 envió petición: TAKEOFF_REQUESTED
Avión 48 envió petición: LANDING_REQUESTED
Avión 52 envió petición: TAKEOFF_REQUESTED
Avión 53 envió petición: TAKEOFF_REQUESTED
Avión 45 envió petición: LANDING_REQUESTED
Avión 37 envió petición: LANDED
Avión 38 envió petición: LANDED
Avión 36 envió petición: LANDING_REQUESTED
Avión 35 envió petición: LANDING_REQUESTED
Avión 40 envió petición: DEPARTED
Avión 50 envió petición: TAKEOFF_REQUESTED
Avión 49 envió petición: TAKEOFF_REQUESTED
Avión 41 envió petición: BOARDED
Avión 39 envió petición: BOARDED
Avión 46 envió petición: TAKEOFF_REQUESTED
Avión 51 envió petición: LANDING_REQUESTED
Avión 42 envió petición: TAKEOFF_REQUESTED
Avión 48 envió petición: LANDING_REQUESTED
Avión 52 envió petición: TAKEOFF_REQUESTED
Avión 53 envió petición: TAKEOFF_REQUESTED
Avión 45 envió petición: LANDING_REQUESTED
Avión 35 envió petición: LANDING_REQUESTED
Avión 46 envió petición: TAKEOFF_REQUESTED
Avión 51 envió petición: LANDING_REQUESTED
Avión 39 envió petición: TAKEOFF_REQUESTED
Avión 41 envió petición: TAKEOFF_REQUESTED
Avión 42 envió petición: TAKEOFF_REQUESTED
Avión 48 envió petición: LANDING_REQUESTED
Avión 52 envió petición: TAKEOFF_REQUESTED
Avión 53 envió petición: TAKEOFF_REQUESTED
Avión 45 envió petición: LANDING_REQUESTED
Avión 35 envió petición: LANDING_REQUESTED
Avión 36 envió petición: LANDED
Avión 46 envió petición: TAKEOFF_REQUESTED
Avión 51 envió petición: LANDING_REQUESTED
Avión 49 envió petición: DEPARTED
Avión 50 envió petición: DEPARTED
Avión 37 envió petición: BOARDED
Avión 39 envió petición: TAKEOFF_REQUESTED
Avión 38 envió petición: BOARDED
Avión 41 envió petición: TAKEOFF_REQUESTED
Avión 42 envió petición: TAKEOFF_REQUESTED
Avión 48 envió petición: LANDING_REQUESTED
Avión 52 envió petición: TAKEOFF_REQUESTED
Avión 53 envió petición: TAKEOFF_REQUESTED
Avión 45 envió petición: LANDING_REQUESTED
Avión 35 envió petición: LANDING_REQUESTED
Avión 51 envió petición: LANDING_REQUESTED
Avión 42 envió petición: TAKEOFF_REQUESTED
Avión 37 envió petición: TAKEOFF_REQUESTED
Avión 38 envió petición: TAKEOFF_REQUESTED
Avión 48 envió petición: LANDING_REQUESTED
Avión 52 envió petición: TAKEOFF_REQUESTED
Avión 53 envió petición: TAKEOFF_REQUESTED
Avión 45 envió petición: LANDING_REQUESTED
Avión 35 envió petición: LANDING_REQUESTED
Avión 51 envió petición: LANDING_REQUESTED
Avión 42 envió petición: TAKEOFF_REQUESTED
Avión 37 envió petición: TAKEOFF_REQUESTED
Avión 46 envió petición: DEPARTED
Avión 41 envió petición: DEPARTED
Avión 38 envió petición: TAKEOFF_REQUESTED
Avión 39 envió petición: DEPARTED
Avión 48 envió petición: LANDING_REQUESTED
Avión 52 envió petición: TAKEOFF_REQUESTED
Avión 36 envió petición: BOARDED
Avión 53 envió petición: TAKEOFF_REQUESTED
Avión 45 envió petición: LANDING_REQUESTED
Avión 35 envió petición: LANDING_REQUESTED
Avión 51 envió petición: LANDING_REQUESTED
Avión 42 envió petición: TAKEOFF_REQUESTED
Avión 37 envió petición: TAKEOFF_REQUESTED
Avión 53 envió petición: TAKEOFF_REQUESTED
Avión 36 envió petición: TAKEOFF_REQUESTED
Avión 45 envió petición: LANDING_REQUESTED
Avión 35 envió petición: LANDING_REQUESTED
Avión 51 envió petición: LANDING_REQUESTED
Avión 42 envió petición: TAKEOFF_REQUESTED
Avión 37 envió petición: TAKEOFF_REQUESTED
Avión 53 envió petición: TAKEOFF_REQUESTED
Avión 52 envió petición: DEPARTED
Avión 36 envió petición: TAKEOFF_REQUESTED
Avión 35 envió petición: LANDING_REQUESTED
Avión 48 envió petición: LANDED
Avión 38 envió petición: DEPARTED
Avión 45 envió petición: LANDING_REQUESTED
Avión 51 envió petición: LANDING_REQUESTED
Avión 42 envió petición: TAKEOFF_REQUESTED
Avión 37 envió petición: TAKEOFF_REQUESTED
Avión 53 envió petición: TAKEOFF_REQUESTED
Avión 51 envió petición: LANDING_REQUESTED
Avión 42 envió petición: TAKEOFF_REQUESTED
Avión 37 envió petición: TAKEOFF_REQUESTED
Avión 53 envió petición: TAKEOFF_REQUESTED
Avión 51 envió petición: LANDING_REQUESTED
Avión 42 envió petición: TAKEOFF_REQUESTED
Avión 37 envió petición: TAKEOFF_REQUESTED
Avión 53 envió petición: TAKEOFF_REQUESTED
Avión 36 envió petición: DEPARTED
Avión 35 envió petición: LANDED
Avión 45 envió petición: LANDED
Avión 51 envió petición: LANDING_REQUESTED
Avión 42 envió petición: TAKEOFF_REQUESTED
Avión 37 envió petición: TAKEOFF_REQUESTED
Avión 53 envió petición: TAKEOFF_REQUESTED
Avión 53 envió petición: TAKEOFF_REQUESTED
Avión 48 envió petición: BOARDED
Avión 53 envió petición: TAKEOFF_REQUESTED
Avión 53 envió petición: TAKEOFF_REQUESTED
Avión 48 envió petición: TAKEOFF_REQUESTED
Avión 53 envió petición: TAKEOFF_REQUESTED
Avión 48 envió petición: TAKEOFF_REQUESTED
Avión 53 envió petición: TAKEOFF_REQUESTED
Avión 48 envió petición: TAKEOFF_REQUESTED
Avión 53 envió petición: TAKEOFF_REQUESTED
Avión 48 envió petición: TAKEOFF_REQUESTED
Avión 53 envió petición: TAKEOFF_REQUESTED
Avión 51 envió petición: LANDED
Avión 37 envió petición: DEPARTED
Avión 42 envió petición: DEPARTED
Avión 48 envió petición: TAKEOFF_REQUESTED
Avión 53 envió petición: TAKEOFF_REQUESTED
Avión 35 envió petición: BOARDED
Avión 35 envió petición: TAKEOFF_REQUESTED
Avión 45 envió petición: BOARDED
Avión 45 envió petición: TAKEOFF_REQUESTED
Avión 45 envió petición: TAKEOFF_REQUESTED
Avión 45 envió petición: TAKEOFF_REQUESTED
Avión 45 envió petición: TAKEOFF_REQUESTED
Avión 45 envió petición: TAKEOFF_REQUESTED
Avión 45 envió petición: TAKEOFF_REQUESTED
Avión 45 envió petición: TAKEOFF_REQUESTED
Avión 45 envió petición: TAKEOFF_REQUESTED
Avión 45 envió petición: TAKEOFF_REQUESTED
Avión 45 envió petición: TAKEOFF_REQUESTED
Avión 45 envió petición: TAKEOFF_REQUESTED
Avión 48 envió petición: DEPARTED
Avión 53 envió petición: DEPARTED
Avión 35 envió petición: DEPARTED
Avión 45 envió petición: TAKEOFF_REQUESTED
Avión 51 envió petición: BOARDED
Avión 51 envió petición: TAKEOFF_REQUESTED
Avión 45 envió petición: DEPARTED
Avión 51 envió petición: DEPARTED
=== TODOS LOS AVIONES HAN COMPLETADO SU CICLO ===
=== FIN DE LA SIMULACIÓN CONCURRENTE ===
