=== INICIO DE SIMULACIÓN CONCURRENTE ===
Operario 1 iniciando turno.
Operario 2 iniciando turno.
Operario 5 iniciando turno.
Operario 3 iniciando turno.
Operario 4 iniciando turno.
Avión IBE-001 encolado: LANDING_REQUESTED
Avión IBE-008 encolado: LANDING_REQUESTED
Avión IBE-006 encolado: LANDING_REQUESTED
Avión IBE-005 encolado: LANDING_REQUESTED
Avión IBE-007 encolado: LANDING_REQUESTED
Avión IBE-009 encolado: LANDING_REQUESTED
Avión IBE-004 encolado: LANDING_REQUESTED
Avión IBE-003 encolado: LANDING_REQUESTED
Avión IBE-002 encolado: LANDING_REQUESTED
Avión IBE-010 encolado: LANDING_REQUESTED
Avión IBE-011 encolado: LANDING_REQUESTED
Avión IBE-012 encolado: LANDING_REQUESTED
Avión IBE-013 encolado: LANDING_REQUESTED
Avión IBE-014 encolado: LANDING_REQUESTED
Avión IBE-015 encolado: LANDING_REQUESTED
Avión IBE-016 encolado: LANDING_REQUESTED
Avión IBE-017 encolado: LANDING_REQUESTED
Avión IBE-019 encolado: LANDING_REQUESTED
Avión IBE-018 encolado: LANDING_REQUESTED
Avión IBE-020 encolado: LANDING_REQUESTED
Operario 2 atiende petición de Avión IBE-008
Operario 3 atiende petición de Avión IBE-005
Operario 4 atiende petición de Avión IBE-007
Operario 1 atiende petición de Avión IBE-001
Operario 5 atiende petición de Avión IBE-006
Operario 3 atiende petición de Avión IBE-009
Avión [IBE-005 - LANDING] Cambio de estado
Avión [IBE-006 - LANDING] Cambio de estado
Operario 5 atiende petición de Avión IBE-004
Avión [IBE-001 - LANDING] Cambio de estado
Operario 1 atiende petición de Avión IBE-003
Operario 2: Recursos ocupados, reencolando petición de IBE-008
Operario 4: Recursos ocupados, reencolando petición de IBE-007
Avión IBE-008 encolado: LANDING_REQUESTED
Avión IBE-007 encolado: LANDING_REQUESTED
Operario 3: Recursos ocupados, reencolando petición de IBE-009
Avión IBE-009 encolado: LANDING_REQUESTED
Operario 5: Recursos ocupados, reencolando petición de IBE-004
Avión IBE-004 encolado: LANDING_REQUESTED
Operario 1: Recursos ocupados, reencolando petición de IBE-003
Avión IBE-003 encolado: LANDING_REQUESTED
Avión IBE-005 encolado: LANDED
Avión IBE-006 encolado: LANDED
Avión IBE-001 encolado: LANDED
Operario 2 atiende petición de Avión IBE-002
Operario 4 atiende petición de Avión IBE-010
Operario 5 atiende petición de Avión IBE-012
Operario 3 atiende petición de Avión IBE-011
Operario 4: Recursos ocupados, reencolando petición de IBE-010
Operario 1 atiende petición de Avión IBE-013
Operario 2: Recursos ocupados, reencolando petición de IBE-002
Avión IBE-010 encolado: LANDING_REQUESTED
Avión IBE-002 encolado: LANDING_REQUESTED
Operario 5: Recursos ocupados, reencolando petición de IBE-012
Avión IBE-012 encolado: LANDING_REQUESTED
Operario 3: Recursos ocupados, reencolando petición de IBE-011
Avión IBE-011 encolado: LANDING_REQUESTED
Operario 1: Recursos ocupados, reencolando petición de IBE-013
Avión IBE-013 encolado: LANDING_REQUESTED
Operario 4 atiende petición de Avión IBE-014
Operario 2 atiende petición de Avión IBE-015
Operario 5 atiende petición de Avión IBE-016
Operario 3 atiende petición de Avión IBE-017
Operario 4: Recursos ocupados, reencolando petición de IBE-014
Avión IBE-014 encolado: LANDING_REQUESTED
Operario 2: Recursos ocupados, reencolando petición de IBE-015
Operario 1 atiende petición de Avión IBE-019
Avión IBE-015 encolado: LANDING_REQUESTED
Operario 5: Recursos ocupados, reencolando petición de IBE-016
Avión IBE-016 encolado: LANDING_REQUESTED
Operario 3: Recursos ocupados, reencolando petición de IBE-017
Avión IBE-017 encolado: LANDING_REQUESTED
Operario 1: Recursos ocupados, reencolando petición de IBE-019
Avión IBE-019 encolado: LANDING_REQUESTED
Operario 4 atiende petición de Avión IBE-018
Operario 2 atiende petición de Avión IBE-020
Operario 5 atiende petición de Avión IBE-008
Operario 1 atiende petición de Avión IBE-007
Operario 3 atiende petición de Avión IBE-009
Operario 4: Recursos ocupados, reencolando petición de IBE-018
Avión IBE-018 encolado: LANDING_REQUESTED
Operario 2: Recursos ocupados, reencolando petición de IBE-020
Avión IBE-020 encolado: LANDING_REQUESTED
Operario 5: Recursos ocupados, reencolando petición de IBE-008
Avión IBE-008 encolado: LANDING_REQUESTED
Operario 1: Recursos ocupados, reencolando petición de IBE-007
Avión IBE-007 encolado: LANDING_REQUESTED
Operario 3: Recursos ocupados, reencolando petición de IBE-009
Avión IBE-009 encolado: LANDING_REQUESTED
Operario 4 atiende petición de Avión IBE-004
Operario 2 atiende petición de Avión IBE-003
Operario 1 atiende petición de Avión IBE-005
Operario 5 atiende petición de Avión IBE-006
Operario 4: Recursos ocupados, reencolando petición de IBE-004
Operario 3 atiende petición de Avión IBE-001
Avión IBE-004 encolado: LANDING_REQUESTED
Operario 2: Recursos ocupados, reencolando petición de IBE-003
Avión IBE-003 encolado: LANDING_REQUESTED
Operario 1 atiende petición de Avión IBE-010
Avión [IBE-005 - BOARDING] Cambio de estado
Avión [IBE-006 - BOARDING] Cambio de estado
Operario 5 atiende petición de Avión IBE-002
Avión [IBE-001 - BOARDING] Cambio de estado
Operario 3 atiende petición de Avión IBE-012
Operario 1 atiende petición de Avión IBE-011
Avión [IBE-010 - LANDING] Cambio de estado
Operario 4 atiende petición de Avión IBE-013
Operario 5 atiende petición de Avión IBE-014
Operario 3: Recursos ocupados, reencolando petición de IBE-012
Avión [IBE-002 - LANDING] Cambio de estado
Avión IBE-012 encolado: LANDING_REQUESTED
Operario 2 atiende petición de Avión IBE-015
Operario 1: Recursos ocupados, reencolando petición de IBE-011
Avión IBE-011 encolado: LANDING_REQUESTED
Operario 4: Recursos ocupados, reencolando petición de IBE-013
Operario 5: Recursos ocupados, reencolando petición de IBE-014
Avión IBE-013 encolado: LANDING_REQUESTED
Avión IBE-014 encolado: LANDING_REQUESTED
Operario 2: Recursos ocupados, reencolando petición de IBE-015
Avión IBE-005 encolado: BOARDED
Avión IBE-015 encolado: LANDING_REQUESTED
Avión IBE-006 encolado: BOARDED
Avión IBE-010 encolado: LANDED
Avión IBE-001 encolado: BOARDED
Avión IBE-002 encolado: LANDED
Operario 3 atiende petición de Avión IBE-016
Operario 1 atiende petición de Avión IBE-017
Operario 4 atiende petición de Avión IBE-018
Operario 5 atiende petición de Avión IBE-019
Operario 3: Recursos ocupados, reencolando petición de IBE-016
Avión IBE-016 encolado: LANDING_REQUESTED
Operario 2 atiende petición de Avión IBE-020
Operario 1: Recursos ocupados, reencolando petición de IBE-017
Avión IBE-017 encolado: LANDING_REQUESTED
Operario 5: Recursos ocupados, reencolando petición de IBE-019
Avión IBE-019 encolado: LANDING_REQUESTED
Operario 4: Recursos ocupados, reencolando petición de IBE-018
Avión IBE-018 encolado: LANDING_REQUESTED
Operario 2: Recursos ocupados, reencolando petición de IBE-020
Avión IBE-020 encolado: LANDING_REQUESTED
Operario 3 atiende petición de Avión IBE-008
Operario 1 atiende petición de Avión IBE-007
Operario 5 atiende petición de Avión IBE-004
Operario 4 atiende petición de Avión IBE-009
Operario 3: Recursos ocupados, reencolando petición de IBE-008
Avión IBE-008 encolado: LANDING_REQUESTED
Operario 2 atiende petición de Avión IBE-003
Operario 1: Recursos ocupados, reencolando petición de IBE-007
Avión IBE-007 encolado: LANDING_REQUESTED
Operario 5: Recursos ocupados, reencolando petición de IBE-004
Avión IBE-004 encolado: LANDING_REQUESTED
Operario 4: Recursos ocupados, reencolando petición de IBE-009
Avión IBE-009 encolado: LANDING_REQUESTED
Operario 2: Recursos ocupados, reencolando petición de IBE-003
Avión IBE-003 encolado: LANDING_REQUESTED
Operario 3 atiende petición de Avión IBE-012
Operario 5 atiende petición de Avión IBE-011
Operario 1 atiende petición de Avión IBE-013
Operario 4 atiende petición de Avión IBE-014
Operario 3: Recursos ocupados, reencolando petición de IBE-012
Avión IBE-012 encolado: LANDING_REQUESTED
Operario 2 atiende petición de Avión IBE-005
Operario 5: Recursos ocupados, reencolando petición de IBE-011
Avión IBE-011 encolado: LANDING_REQUESTED
Operario 1: Recursos ocupados, reencolando petición de IBE-013
Avión IBE-013 encolado: LANDING_REQUESTED
Operario 4: Recursos ocupados, reencolando petición de IBE-014
Avión IBE-014 encolado: LANDING_REQUESTED
Operario 2 atiende petición de Avión IBE-015
Avión IBE-005 encolado: TAKEOFF_REQUESTED
Operario 3 atiende petición de Avión IBE-006
Operario 5 atiende petición de Avión IBE-010
Operario 1 atiende petición de Avión IBE-001
Operario 2 atiende petición de Avión IBE-002
Avión [IBE-015 - LANDING] Cambio de estado
Operario 4 atiende petición de Avión IBE-016
Operario 3 atiende petición de Avión IBE-017
Avión IBE-006 encolado: TAKEOFF_REQUESTED
Operario 5 atiende petición de Avión IBE-019
Avión [IBE-010 - BOARDING] Cambio de estado
Avión [IBE-002 - BOARDING] Cambio de estado
Operario 2 atiende petición de Avión IBE-018
Operario 1 atiende petición de Avión IBE-020
Avión IBE-001 encolado: TAKEOFF_REQUESTED
Operario 4 atiende petición de Avión IBE-008
Avión [IBE-016 - LANDING] Cambio de estado
Operario 3 atiende petición de Avión IBE-007
Avión [IBE-017 - LANDING] Cambio de estado
Operario 5: Recursos ocupados, reencolando petición de IBE-019
Avión IBE-019 encolado: LANDING_REQUESTED
Operario 2: Recursos ocupados, reencolando petición de IBE-018
Avión IBE-015 encolado: LANDED
Avión IBE-018 encolado: LANDING_REQUESTED
Operario 1: Recursos ocupados, reencolando petición de IBE-020
Avión IBE-020 encolado: LANDING_REQUESTED
Operario 4: Recursos ocupados, reencolando petición de IBE-008
Avión IBE-008 encolado: LANDING_REQUESTED
Operario 3: Recursos ocupados, reencolando petición de IBE-007
Avión IBE-007 encolado: LANDING_REQUESTED
Avión IBE-016 encolado: LANDED
Avión IBE-010 encolado: BOARDED
Operario 5 atiende petición de Avión IBE-004
Avión IBE-017 encolado: LANDED
Avión IBE-002 encolado: BOARDED
Operario 2 atiende petición de Avión IBE-009
Operario 1 atiende petición de Avión IBE-012
Operario 4 atiende petición de Avión IBE-003
Operario 3 atiende petición de Avión IBE-011
Operario 5: Recursos ocupados, reencolando petición de IBE-004
Avión IBE-004 encolado: LANDING_REQUESTED
Operario 2: Recursos ocupados, reencolando petición de IBE-009
Avión IBE-009 encolado: LANDING_REQUESTED
Operario 1: Recursos ocupados, reencolando petición de IBE-012
Avión IBE-012 encolado: LANDING_REQUESTED
Operario 4: Recursos ocupados, reencolando petición de IBE-003
Avión IBE-003 encolado: LANDING_REQUESTED
Operario 3: Recursos ocupados, reencolando petición de IBE-011
Avión IBE-011 encolado: LANDING_REQUESTED
Operario 5 atiende petición de Avión IBE-013
Operario 2 atiende petición de Avión IBE-014
Operario 1 atiende petición de Avión IBE-005
Operario 4 atiende petición de Avión IBE-006
Operario 3 atiende petición de Avión IBE-001
Operario 5: Recursos ocupados, reencolando petición de IBE-013
Avión IBE-013 encolado: LANDING_REQUESTED
Operario 2: Recursos ocupados, reencolando petición de IBE-014
Avión IBE-014 encolado: LANDING_REQUESTED
Operario 1: Recursos ocupados, reencolando petición de IBE-005
Avión IBE-005 encolado: TAKEOFF_REQUESTED
Operario 4: Recursos ocupados, reencolando petición de IBE-006
Avión IBE-006 encolado: TAKEOFF_REQUESTED
Operario 3: Recursos ocupados, reencolando petición de IBE-001
Avión IBE-001 encolado: TAKEOFF_REQUESTED
Operario 5 atiende petición de Avión IBE-019
Operario 2 atiende petición de Avión IBE-015
Operario 1 atiende petición de Avión IBE-018
Operario 4 atiende petición de Avión IBE-020
Operario 5: Recursos ocupados, reencolando petición de IBE-019
Avión IBE-019 encolado: LANDING_REQUESTED
Operario 3 atiende petición de Avión IBE-008
Operario 2 atiende petición de Avión IBE-007
Avión [IBE-015 - BOARDING] Cambio de estado
Operario 1: Recursos ocupados, reencolando petición de IBE-018
Avión IBE-018 encolado: LANDING_REQUESTED
Operario 4: Recursos ocupados, reencolando petición de IBE-020
Avión IBE-020 encolado: LANDING_REQUESTED
Operario 3: Recursos ocupados, reencolando petición de IBE-008
Avión IBE-008 encolado: LANDING_REQUESTED
Operario 2: Recursos ocupados, reencolando petición de IBE-007
Avión IBE-007 encolado: LANDING_REQUESTED
Operario 5 atiende petición de Avión IBE-016
Operario 1 atiende petición de Avión IBE-010
Operario 4 atiende petición de Avión IBE-017
Operario 3 atiende petición de Avión IBE-004
Avión IBE-015 encolado: BOARDED
Operario 2 atiende petición de Avión IBE-002
Operario 5 atiende petición de Avión IBE-009
Avión [IBE-016 - BOARDING] Cambio de estado
Operario 1 atiende petición de Avión IBE-012
Avión IBE-010 encolado: TAKEOFF_REQUESTED
Operario 4 atiende petición de Avión IBE-003
Avión [IBE-017 - BOARDING] Cambio de estado
Operario 3 atiende petición de Avión IBE-011
Avión [IBE-004 - LANDING] Cambio de estado
Operario 2 atiende petición de Avión IBE-013
Avión IBE-002 encolado: TAKEOFF_REQUESTED
Operario 5 atiende petición de Avión IBE-014
Avión [IBE-009 - LANDING] Cambio de estado
Operario 1: Recursos ocupados, reencolando petición de IBE-012
Avión IBE-012 encolado: LANDING_REQUESTED
Operario 4: Recursos ocupados, reencolando petición de IBE-003
Avión IBE-003 encolado: LANDING_REQUESTED
Operario 3: Recursos ocupados, reencolando petición de IBE-011
Avión IBE-011 encolado: LANDING_REQUESTED
Operario 2: Recursos ocupados, reencolando petición de IBE-013
Operario 5: Recursos ocupados, reencolando petición de IBE-014
Avión IBE-013 encolado: LANDING_REQUESTED
Avión IBE-014 encolado: LANDING_REQUESTED
Avión IBE-016 encolado: BOARDED
Avión IBE-004 encolado: LANDED
Avión IBE-009 encolado: LANDED
Operario 1 atiende petición de Avión IBE-005
Avión IBE-017 encolado: BOARDED
Operario 4 atiende petición de Avión IBE-001
Operario 3 atiende petición de Avión IBE-006
Operario 2 atiende petición de Avión IBE-018
Operario 5 atiende petición de Avión IBE-019
Operario 1 atiende petición de Avión IBE-020
Avión [IBE-005 - DEPARTING] Cambio de estado
Operario 4: Recursos ocupados, reencolando petición de IBE-001
Operario 3: Recursos ocupados, reencolando petición de IBE-006
Avión IBE-001 encolado: TAKEOFF_REQUESTED
Avión IBE-006 encolado: TAKEOFF_REQUESTED
Operario 5: Recursos ocupados, reencolando petición de IBE-019
Avión IBE-019 encolado: LANDING_REQUESTED
Operario 2: Recursos ocupados, reencolando petición de IBE-018
Avión IBE-018 encolado: LANDING_REQUESTED
Operario 1: Recursos ocupados, reencolando petición de IBE-020
Avión IBE-020 encolado: LANDING_REQUESTED
Avión IBE-005 encolado: DEPARTED
Operario 3 atiende petición de Avión IBE-008
Operario 4 atiende petición de Avión IBE-007
Operario 2 atiende petición de Avión IBE-015
Operario 5 atiende petición de Avión IBE-010
Operario 1 atiende petición de Avión IBE-002
Operario 3: Recursos ocupados, reencolando petición de IBE-008
Avión IBE-008 encolado: LANDING_REQUESTED
Operario 4: Recursos ocupados, reencolando petición de IBE-007
Avión IBE-007 encolado: LANDING_REQUESTED
Operario 2 atiende petición de Avión IBE-012
Avión IBE-015 encolado: TAKEOFF_REQUESTED
Operario 5: Recursos ocupados, reencolando petición de IBE-010
Avión IBE-010 encolado: TAKEOFF_REQUESTED
Operario 1: Recursos ocupados, reencolando petición de IBE-002
Avión IBE-002 encolado: TAKEOFF_REQUESTED
Operario 2: Recursos ocupados, reencolando petición de IBE-012
Avión IBE-012 encolado: LANDING_REQUESTED
Operario 3 atiende petición de Avión IBE-003
Operario 4 atiende petición de Avión IBE-011
Operario 5 atiende petición de Avión IBE-013
Operario 1 atiende petición de Avión IBE-014
Operario 3: Recursos ocupados, reencolando petición de IBE-003
Avión IBE-003 encolado: LANDING_REQUESTED
Operario 4: Recursos ocupados, reencolando petición de IBE-011
Operario 2 atiende petición de Avión IBE-016
Avión IBE-011 encolado: LANDING_REQUESTED
Operario 5: Recursos ocupados, reencolando petición de IBE-013
Avión IBE-013 encolado: LANDING_REQUESTED
Operario 1: Recursos ocupados, reencolando petición de IBE-014
Avión IBE-014 encolado: LANDING_REQUESTED
Operario 2 atiende petición de Avión IBE-004
Avión IBE-016 encolado: TAKEOFF_REQUESTED
Operario 3 atiende petición de Avión IBE-009
Operario 4 atiende petición de Avión IBE-017
Operario 2 atiende petición de Avión IBE-001
Avión [IBE-004 - BOARDING] Cambio de estado
Operario 5 atiende petición de Avión IBE-006
Operario 1 atiende petición de Avión IBE-019
Operario 3 atiende petición de Avión IBE-018
Avión [IBE-009 - BOARDING] Cambio de estado
Operario 4 atiende petición de Avión IBE-020
Avión IBE-017 encolado: TAKEOFF_REQUESTED
Operario 2 atiende petición de Avión IBE-005
Avión [IBE-001 - DEPARTING] Cambio de estado
Operario 5 atiende petición de Avión IBE-008
Avión [IBE-006 - DEPARTING] Cambio de estado
Operario 1: Recursos ocupados, reencolando petición de IBE-019
Avión IBE-019 encolado: LANDING_REQUESTED
Operario 3: Recursos ocupados, reencolando petición de IBE-018
Avión IBE-018 encolado: LANDING_REQUESTED
Operario 2 atiende petición de Avión IBE-007
Avión [IBE-005 - DEPARTED] Cambio de estado
Operario 4 atiende petición de Avión IBE-015
Avión [IBE-020 - LANDING] Cambio de estado
Operario 5: Recursos ocupados, reencolando petición de IBE-008
Avión IBE-008 encolado: LANDING_REQUESTED
Avión IBE-004 encolado: BOARDED
Avión IBE-001 encolado: DEPARTED
Operario 2: Recursos ocupados, reencolando petición de IBE-007
Avión IBE-007 encolado: LANDING_REQUESTED
Operario 4: Recursos ocupados, reencolando petición de IBE-015
Avión IBE-015 encolado: TAKEOFF_REQUESTED
Avión IBE-006 encolado: DEPARTED
Operario 1 atiende petición de Avión IBE-010
Avión IBE-009 encolado: BOARDED
Operario 3 atiende petición de Avión IBE-002
Avión IBE-020 encolado: LANDED
Operario 5 atiende petición de Avión IBE-012
Operario 1: Recursos ocupados, reencolando petición de IBE-010
Avión IBE-010 encolado: TAKEOFF_REQUESTED
Operario 2 atiende petición de Avión IBE-003
Operario 4 atiende petición de Avión IBE-011
Operario 3: Recursos ocupados, reencolando petición de IBE-002
Avión IBE-002 encolado: TAKEOFF_REQUESTED
Operario 5: Recursos ocupados, reencolando petición de IBE-012
Avión IBE-012 encolado: LANDING_REQUESTED
Operario 4: Recursos ocupados, reencolando petición de IBE-011
Avión IBE-011 encolado: LANDING_REQUESTED
Operario 2: Recursos ocupados, reencolando petición de IBE-003
Avión IBE-003 encolado: LANDING_REQUESTED
Operario 1 atiende petición de Avión IBE-013
Operario 3 atiende petición de Avión IBE-014
Operario 5 atiende petición de Avión IBE-016
Operario 1: Recursos ocupados, reencolando petición de IBE-013
Avión IBE-013 encolado: LANDING_REQUESTED
Operario 4 atiende petición de Avión IBE-017
Operario 2 atiende petición de Avión IBE-019
Operario 3: Recursos ocupados, reencolando petición de IBE-014
Avión IBE-014 encolado: LANDING_REQUESTED
Operario 5: Recursos ocupados, reencolando petición de IBE-016
Avión IBE-016 encolado: TAKEOFF_REQUESTED
Operario 4: Recursos ocupados, reencolando petición de IBE-017
Avión IBE-017 encolado: TAKEOFF_REQUESTED
Operario 2: Recursos ocupados, reencolando petición de IBE-019
Avión IBE-019 encolado: LANDING_REQUESTED
Operario 1 atiende petición de Avión IBE-018
Operario 3 atiende petición de Avión IBE-008
Operario 5 atiende petición de Avión IBE-004
Operario 4 atiende petición de Avión IBE-001
Operario 1: Recursos ocupados, reencolando petición de IBE-018
Avión IBE-018 encolado: LANDING_REQUESTED
Operario 2 atiende petición de Avión IBE-007
Operario 3: Recursos ocupados, reencolando petición de IBE-008
Avión IBE-008 encolado: LANDING_REQUESTED
