=== INICIO DE SIMULACIÓN CONCURRENTE ===
Operario 1 iniciando turno.
Operario 2 iniciando turno.
Operario 3 iniciando turno.
Operario 5 iniciando turno.
Operario 4 iniciando turno.
Avión IBE-001 cola: LANDING_REQUESTED
Avión IBE-006 cola: LANDING_REQUESTED
Avión IBE-008 cola: LANDING_REQUESTED
Avión IBE-007 cola: LANDING_REQUESTED
Avión IBE-009 cola: LANDING_REQUESTED
Avión IBE-004 cola: LANDING_REQUESTED
Avión IBE-017 cola: LANDING_REQUESTED
Avión IBE-002 cola: LANDING_REQUESTED
Avión IBE-011 cola: LANDING_REQUESTED
Avión IBE-003 cola: LANDING_REQUESTED
Avión IBE-010 cola: LANDING_REQUESTED
Avión IBE-005 cola: LANDING_REQUESTED
Avión IBE-016 cola: LANDING_REQUESTED
Avión IBE-014 cola: LANDING_REQUESTED
Avión IBE-020 cola: LANDING_REQUESTED
Avión IBE-019 cola: LANDING_REQUESTED
Avión IBE-015 cola: LANDING_REQUESTED
Avión IBE-013 cola: LANDING_REQUESTED
Avión IBE-012 cola: LANDING_REQUESTED
Avión IBE-018 cola: LANDING_REQUESTED
Operario 4 atiende petición de Avión IBE-011
Operario 5 atiende petición de Avión IBE-006
Operario 3 atiende petición de Avión IBE-001
Operario 1 atiende petición de Avión IBE-007
Operario 2 atiende petición de Avión IBE-004
Operario 5 atiende petición de Avión IBE-009
Avión [IBE-006 - LANDING] Cambio de estado
Avión [IBE-004 - LANDING] Cambio de estado
Operario 2 atiende petición de Avión IBE-008
Avión [IBE-011 - LANDING] Cambio de estado
Operario 4 atiende petición de Avión IBE-005
Operario 1: Recursos ocupados, reencolando petición de IBE-007
Operario 3: Recursos ocupados, reencolando petición de IBE-001
Avión IBE-007 cola: LANDING_REQUESTED
Avión IBE-001 cola: LANDING_REQUESTED
Operario 5: Recursos ocupados, reencolando petición de IBE-009
Avión IBE-009 cola: LANDING_REQUESTED
Operario 2: Recursos ocupados, reencolando petición de IBE-008
Avión IBE-008 cola: LANDING_REQUESTED
Operario 4: Recursos ocupados, reencolando petición de IBE-005
Avión IBE-005 cola: LANDING_REQUESTED
Avión IBE-006 cola: LANDED
Avión IBE-004 cola: LANDED
Avión IBE-011 cola: LANDED
Operario 1 atiende petición de Avión IBE-003
Operario 3 atiende petición de Avión IBE-010
Operario 5 atiende petición de Avión IBE-017
Operario 2 atiende petición de Avión IBE-002
Operario 1: Recursos ocupados, reencolando petición de IBE-003
Operario 4 atiende petición de Avión IBE-018
Operario 3: Recursos ocupados, reencolando petición de IBE-010
Avión IBE-003 cola: LANDING_REQUESTED
Avión IBE-010 cola: LANDING_REQUESTED
Operario 5: Recursos ocupados, reencolando petición de IBE-017
Avión IBE-017 cola: LANDING_REQUESTED
Operario 2: Recursos ocupados, reencolando petición de IBE-002
Avión IBE-002 cola: LANDING_REQUESTED
Operario 4: Recursos ocupados, reencolando petición de IBE-018
Avión IBE-018 cola: LANDING_REQUESTED
Operario 1 atiende petición de Avión IBE-012
Operario 3 atiende petición de Avión IBE-013
Operario 5 atiende petición de Avión IBE-015
Operario 4 atiende petición de Avión IBE-019
Operario 2 atiende petición de Avión IBE-020
Operario 1: Recursos ocupados, reencolando petición de IBE-012
Operario 3: Recursos ocupados, reencolando petición de IBE-013
Avión IBE-012 cola: LANDING_REQUESTED
Avión IBE-013 cola: LANDING_REQUESTED
Operario 5: Recursos ocupados, reencolando petición de IBE-015
Avión IBE-015 cola: LANDING_REQUESTED
Operario 4: Recursos ocupados, reencolando petición de IBE-019
Avión IBE-019 cola: LANDING_REQUESTED
Operario 2: Recursos ocupados, reencolando petición de IBE-020
Avión IBE-020 cola: LANDING_REQUESTED
Operario 3 atiende petición de Avión IBE-014
Operario 1 atiende petición de Avión IBE-016
Operario 4 atiende petición de Avión IBE-007
Operario 5 atiende petición de Avión IBE-001
Operario 2 atiende petición de Avión IBE-009
Operario 1: Recursos ocupados, reencolando petición de IBE-016
Operario 3: Recursos ocupados, reencolando petición de IBE-014
Avión IBE-014 cola: LANDING_REQUESTED
Avión IBE-016 cola: LANDING_REQUESTED
Operario 4: Recursos ocupados, reencolando petición de IBE-007
Operario 5: Recursos ocupados, reencolando petición de IBE-001
Avión IBE-007 cola: LANDING_REQUESTED
Avión IBE-001 cola: LANDING_REQUESTED
Operario 2: Recursos ocupados, reencolando petición de IBE-009
Avión IBE-009 cola: LANDING_REQUESTED
Operario 3 atiende petición de Avión IBE-008
Operario 1 atiende petición de Avión IBE-005
Operario 5 atiende petición de Avión IBE-006
Operario 4 atiende petición de Avión IBE-004
Operario 2 atiende petición de Avión IBE-011
Operario 3: Recursos ocupados, reencolando petición de IBE-008
Operario 1: Recursos ocupados, reencolando petición de IBE-005
Avión IBE-008 cola: LANDING_REQUESTED
Avión IBE-005 cola: LANDING_REQUESTED
Avión [IBE-004 - BOARDING] Cambio de estado
Operario 4 atiende petición de Avión IBE-003
Avión [IBE-006 - BOARDING] Cambio de estado
Operario 5 atiende petición de Avión IBE-010
Avión [IBE-011 - BOARDING] Cambio de estado
Operario 2 atiende petición de Avión IBE-017
Operario 5 atiende petición de Avión IBE-002
Avión [IBE-010 - LANDING] Cambio de estado
Operario 4 atiende petición de Avión IBE-018
Avión [IBE-003 - LANDING] Cambio de estado
Operario 2: Recursos ocupados, reencolando petición de IBE-017
Operario 3 atiende petición de Avión IBE-012
Operario 1 atiende petición de Avión IBE-013
Avión IBE-017 cola: LANDING_REQUESTED
Operario 5: Recursos ocupados, reencolando petición de IBE-002
Avión IBE-002 cola: LANDING_REQUESTED
Operario 4: Recursos ocupados, reencolando petición de IBE-018
Avión IBE-018 cola: LANDING_REQUESTED
Operario 3: Recursos ocupados, reencolando petición de IBE-012
Avión IBE-012 cola: LANDING_REQUESTED
Operario 1: Recursos ocupados, reencolando petición de IBE-013
Avión IBE-013 cola: LANDING_REQUESTED
Avión IBE-006 cola: BOARDED
Avión IBE-004 cola: BOARDED
Avión IBE-011 cola: BOARDED
Avión IBE-010 cola: LANDED
Avión IBE-003 cola: LANDED
Operario 2 atiende petición de Avión IBE-015
Operario 5 atiende petición de Avión IBE-020
Operario 4 atiende petición de Avión IBE-019
Operario 3 atiende petición de Avión IBE-016
Operario 1 atiende petición de Avión IBE-014
Operario 2: Recursos ocupados, reencolando petición de IBE-015
Avión IBE-015 cola: LANDING_REQUESTED
Operario 4: Recursos ocupados, reencolando petición de IBE-019
Avión IBE-019 cola: LANDING_REQUESTED
Operario 5: Recursos ocupados, reencolando petición de IBE-020
Avión IBE-020 cola: LANDING_REQUESTED
Operario 3: Recursos ocupados, reencolando petición de IBE-016
Avión IBE-016 cola: LANDING_REQUESTED
Operario 1: Recursos ocupados, reencolando petición de IBE-014
Avión IBE-014 cola: LANDING_REQUESTED
Operario 2 atiende petición de Avión IBE-007
Operario 5 atiende petición de Avión IBE-001
Operario 4 atiende petición de Avión IBE-009
Operario 3 atiende petición de Avión IBE-008
Operario 2: Recursos ocupados, reencolando petición de IBE-007
Avión IBE-007 cola: LANDING_REQUESTED
Operario 1 atiende petición de Avión IBE-005
Operario 5: Recursos ocupados, reencolando petición de IBE-001
Operario 4: Recursos ocupados, reencolando petición de IBE-009
Avión IBE-009 cola: LANDING_REQUESTED
Avión IBE-001 cola: LANDING_REQUESTED
Operario 3: Recursos ocupados, reencolando petición de IBE-008
Avión IBE-008 cola: LANDING_REQUESTED
Operario 1: Recursos ocupados, reencolando petición de IBE-005
Avión IBE-005 cola: LANDING_REQUESTED
Operario 2 atiende petición de Avión IBE-017
Operario 4 atiende petición de Avión IBE-002
Operario 5 atiende petición de Avión IBE-018
Operario 3 atiende petición de Avión IBE-012
Operario 2: Recursos ocupados, reencolando petición de IBE-017
Avión IBE-017 cola: LANDING_REQUESTED
Operario 1 atiende petición de Avión IBE-013
Operario 5: Recursos ocupados, reencolando petición de IBE-018
Avión IBE-018 cola: LANDING_REQUESTED
Operario 4: Recursos ocupados, reencolando petición de IBE-002
Avión IBE-002 cola: LANDING_REQUESTED
Operario 3: Recursos ocupados, reencolando petición de IBE-012
Avión IBE-012 cola: LANDING_REQUESTED
Operario 1: Recursos ocupados, reencolando petición de IBE-013
Avión IBE-013 cola: LANDING_REQUESTED
Operario 2 atiende petición de Avión IBE-006
Operario 5 atiende petición de Avión IBE-011
Operario 4 atiende petición de Avión IBE-004
Operario 3 atiende petición de Avión IBE-010
Operario 1 atiende petición de Avión IBE-003
Operario 2 atiende petición de Avión IBE-015
Avión IBE-006 cola: TAKEOFF_REQUESTED
Operario 5 atiende petición de Avión IBE-019
Avión IBE-011 cola: TAKEOFF_REQUESTED
Operario 4 atiende petición de Avión IBE-020
Avión IBE-004 cola: TAKEOFF_REQUESTED
Operario 3 atiende petición de Avión IBE-016
Avión [IBE-010 - BOARDING] Cambio de estado
Operario 2 atiende petición de Avión IBE-014
Avión [IBE-015 - LANDING] Cambio de estado
Operario 1 atiende petición de Avión IBE-007
Avión [IBE-003 - BOARDING] Cambio de estado
Operario 5 atiende petición de Avión IBE-001
Avión [IBE-019 - LANDING] Cambio de estado
Operario 4 atiende petición de Avión IBE-009
Avión [IBE-020 - LANDING] Cambio de estado
Operario 2: Recursos ocupados, reencolando petición de IBE-014
Operario 3: Recursos ocupados, reencolando petición de IBE-016
Avión IBE-016 cola: LANDING_REQUESTED
Avión IBE-014 cola: LANDING_REQUESTED
Operario 1: Recursos ocupados, reencolando petición de IBE-007
Avión IBE-007 cola: LANDING_REQUESTED
Operario 5: Recursos ocupados, reencolando petición de IBE-001
Avión IBE-001 cola: LANDING_REQUESTED
Operario 4: Recursos ocupados, reencolando petición de IBE-009
Avión IBE-009 cola: LANDING_REQUESTED
Avión IBE-015 cola: LANDED
Avión IBE-019 cola: LANDED
Avión IBE-020 cola: LANDED
Avión IBE-010 cola: BOARDED
Avión IBE-003 cola: BOARDED
Operario 1 atiende petición de Avión IBE-017
Operario 3 atiende petición de Avión IBE-008
Operario 2 atiende petición de Avión IBE-005
Operario 4 atiende petición de Avión IBE-002
Operario 5 atiende petición de Avión IBE-018
Operario 1: Recursos ocupados, reencolando petición de IBE-017
Avión IBE-017 cola: LANDING_REQUESTED
Operario 3: Recursos ocupados, reencolando petición de IBE-008
Avión IBE-008 cola: LANDING_REQUESTED
Operario 2: Recursos ocupados, reencolando petición de IBE-005
Avión IBE-005 cola: LANDING_REQUESTED
Operario 5: Recursos ocupados, reencolando petición de IBE-018
Avión IBE-018 cola: LANDING_REQUESTED
Operario 4: Recursos ocupados, reencolando petición de IBE-002
Avión IBE-002 cola: LANDING_REQUESTED
Operario 3 atiende petición de Avión IBE-012
Operario 1 atiende petición de Avión IBE-013
Operario 2 atiende petición de Avión IBE-006
Operario 4 atiende petición de Avión IBE-004
Operario 5 atiende petición de Avión IBE-011
Operario 3: Recursos ocupados, reencolando petición de IBE-012
Avión IBE-012 cola: LANDING_REQUESTED
Operario 1: Recursos ocupados, reencolando petición de IBE-013
Avión IBE-013 cola: LANDING_REQUESTED
Operario 2: Recursos ocupados, reencolando petición de IBE-006
Avión IBE-006 cola: TAKEOFF_REQUESTED
Operario 4: Recursos ocupados, reencolando petición de IBE-004
Avión IBE-004 cola: TAKEOFF_REQUESTED
Operario 5: Recursos ocupados, reencolando petición de IBE-011
Avión IBE-011 cola: TAKEOFF_REQUESTED
Operario 3 atiende petición de Avión IBE-014
Operario 1 atiende petición de Avión IBE-016
Operario 4 atiende petición de Avión IBE-007
Operario 2 atiende petición de Avión IBE-001
Operario 5 atiende petición de Avión IBE-009
Operario 3: Recursos ocupados, reencolando petición de IBE-014
Avión IBE-014 cola: LANDING_REQUESTED
Operario 1: Recursos ocupados, reencolando petición de IBE-016
Avión IBE-016 cola: LANDING_REQUESTED
Operario 4: Recursos ocupados, reencolando petición de IBE-007
Avión IBE-007 cola: LANDING_REQUESTED
Operario 2: Recursos ocupados, reencolando petición de IBE-001
Avión IBE-001 cola: LANDING_REQUESTED
Operario 5: Recursos ocupados, reencolando petición de IBE-009
Avión IBE-009 cola: LANDING_REQUESTED
Operario 3 atiende petición de Avión IBE-015
Operario 4 atiende petición de Avión IBE-019
Operario 1 atiende petición de Avión IBE-020
Operario 2 atiende petición de Avión IBE-010
Operario 5 atiende petición de Avión IBE-003
Operario 3 atiende petición de Avión IBE-017
Avión [IBE-015 - BOARDING] Cambio de estado
Operario 4 atiende petición de Avión IBE-008
Avión [IBE-019 - BOARDING] Cambio de estado
Avión [IBE-020 - BOARDING] Cambio de estado
Operario 1 atiende petición de Avión IBE-005
Operario 2 atiende petición de Avión IBE-018
Avión IBE-010 cola: TAKEOFF_REQUESTED
Operario 5 atiende petición de Avión IBE-002
Avión IBE-003 cola: TAKEOFF_REQUESTED
Operario 4 atiende petición de Avión IBE-012
Avión [IBE-008 - LANDING] Cambio de estado
Operario 3 atiende petición de Avión IBE-013
Avión [IBE-017 - LANDING] Cambio de estado
Operario 1: Recursos ocupados, reencolando petición de IBE-005
Avión IBE-005 cola: LANDING_REQUESTED
Operario 2: Recursos ocupados, reencolando petición de IBE-018
Avión IBE-018 cola: LANDING_REQUESTED
Operario 5: Recursos ocupados, reencolando petición de IBE-002
Avión IBE-002 cola: LANDING_REQUESTED
Operario 4: Recursos ocupados, reencolando petición de IBE-012
Avión IBE-012 cola: LANDING_REQUESTED
Operario 3: Recursos ocupados, reencolando petición de IBE-013
Avión IBE-013 cola: LANDING_REQUESTED
Avión IBE-019 cola: BOARDED
Avión IBE-015 cola: BOARDED
Avión IBE-008 cola: LANDED
Avión IBE-017 cola: LANDED
Avión IBE-020 cola: BOARDED
Operario 1 atiende petición de Avión IBE-006
Operario 2 atiende petición de Avión IBE-004
Operario 4 atiende petición de Avión IBE-011
Operario 5 atiende petición de Avión IBE-014
Operario 3 atiende petición de Avión IBE-016
Operario 1 atiende petición de Avión IBE-007
Avión [IBE-006 - DEPARTING] Cambio de estado
Operario 2: Recursos ocupados, reencolando petición de IBE-004
Avión IBE-004 cola: TAKEOFF_REQUESTED
Operario 4: Recursos ocupados, reencolando petición de IBE-011
Avión IBE-011 cola: TAKEOFF_REQUESTED
Operario 5: Recursos ocupados, reencolando petición de IBE-014
Avión IBE-014 cola: LANDING_REQUESTED
Operario 3: Recursos ocupados, reencolando petición de IBE-016
Avión IBE-016 cola: LANDING_REQUESTED
Operario 1: Recursos ocupados, reencolando petición de IBE-007
Avión IBE-007 cola: LANDING_REQUESTED
Avión [IBE-006 - DEPARTED] Cambio de estado
Operario 2 atiende petición de Avión IBE-001
Operario 4 atiende petición de Avión IBE-009
Operario 5 atiende petición de Avión IBE-010
Operario 3 atiende petición de Avión IBE-003
Operario 1 atiende petición de Avión IBE-005
Operario 2: Recursos ocupados, reencolando petición de IBE-001
Avión IBE-001 cola: LANDING_REQUESTED
Operario 4: Recursos ocupados, reencolando petición de IBE-009
Avión IBE-009 cola: LANDING_REQUESTED
Operario 5: Recursos ocupados, reencolando petición de IBE-010
Avión IBE-010 cola: TAKEOFF_REQUESTED
Operario 3: Recursos ocupados, reencolando petición de IBE-003
Avión IBE-003 cola: TAKEOFF_REQUESTED
Operario 1: Recursos ocupados, reencolando petición de IBE-005
Avión IBE-005 cola: LANDING_REQUESTED
Operario 4 atiende petición de Avión IBE-018
Operario 2 atiende petición de Avión IBE-002
Operario 5 atiende petición de Avión IBE-012
Operario 3 atiende petición de Avión IBE-013
Operario 1 atiende petición de Avión IBE-019
Operario 4: Recursos ocupados, reencolando petición de IBE-018
Avión IBE-018 cola: LANDING_REQUESTED
Operario 2: Recursos ocupados, reencolando petición de IBE-002
Avión IBE-002 cola: LANDING_REQUESTED
Operario 5: Recursos ocupados, reencolando petición de IBE-012
Avión IBE-012 cola: LANDING_REQUESTED
Operario 3: Recursos ocupados, reencolando petición de IBE-013
Avión IBE-013 cola: LANDING_REQUESTED
Operario 1 atiende petición de Avión IBE-015
Avión IBE-019 cola: TAKEOFF_REQUESTED
Operario 4 atiende petición de Avión IBE-017
Operario 1 atiende petición de Avión IBE-020
Avión IBE-015 cola: TAKEOFF_REQUESTED
Operario 2 atiende petición de Avión IBE-008
Operario 5 atiende petición de Avión IBE-004
Operario 3 atiende petición de Avión IBE-011
Operario 1 atiende petición de Avión IBE-014
Avión IBE-020 cola: TAKEOFF_REQUESTED
Operario 4 atiende petición de Avión IBE-016
Avión [IBE-017 - BOARDING] Cambio de estado
Operario 2 atiende petición de Avión IBE-007
Avión [IBE-008 - BOARDING] Cambio de estado
Operario 5 atiende petición de Avión IBE-001
Avión [IBE-004 - DEPARTING] Cambio de estado
Operario 3 atiende petición de Avión IBE-009
Avión [IBE-011 - DEPARTING] Cambio de estado
Operario 4: Recursos ocupados, reencolando petición de IBE-016
Operario 1: Recursos ocupados, reencolando petición de IBE-014
Avión IBE-014 cola: LANDING_REQUESTED
Avión IBE-016 cola: LANDING_REQUESTED
Operario 2: Recursos ocupados, reencolando petición de IBE-007
Avión IBE-007 cola: LANDING_REQUESTED
Operario 5: Recursos ocupados, reencolando petición de IBE-001
Avión IBE-001 cola: LANDING_REQUESTED
Operario 3: Recursos ocupados, reencolando petición de IBE-009
Avión IBE-009 cola: LANDING_REQUESTED
Avión [IBE-004 - DEPARTED] Cambio de estado
Avión [IBE-011 - DEPARTED] Cambio de estado
Avión IBE-017 cola: BOARDED
Operario 4 atiende petición de Avión IBE-010
Operario 2 atiende petición de Avión IBE-005
Avión IBE-008 cola: BOARDED
Operario 1 atiende petición de Avión IBE-003
Operario 5 atiende petición de Avión IBE-018
Operario 3 atiende petición de Avión IBE-002
Operario 2: Recursos ocupados, reencolando petición de IBE-005
Operario 4: Recursos ocupados, reencolando petición de IBE-010
Avión IBE-005 cola: LANDING_REQUESTED
Avión IBE-010 cola: TAKEOFF_REQUESTED
Operario 1: Recursos ocupados, reencolando petición de IBE-003
Avión IBE-003 cola: TAKEOFF_REQUESTED
Operario 5: Recursos ocupados, reencolando petición de IBE-018
Avión IBE-018 cola: LANDING_REQUESTED
Operario 3: Recursos ocupados, reencolando petición de IBE-002
Avión IBE-002 cola: LANDING_REQUESTED
Operario 2 atiende petición de Avión IBE-013
Operario 4 atiende petición de Avión IBE-012
Operario 1 atiende petición de Avión IBE-019
Operario 5 atiende petición de Avión IBE-015
Operario 3 atiende petición de Avión IBE-020
Operario 2: Recursos ocupados, reencolando petición de IBE-013
Avión IBE-013 cola: LANDING_REQUESTED
Operario 4: Recursos ocupados, reencolando petición de IBE-012
Avión IBE-012 cola: LANDING_REQUESTED
Operario 1: Recursos ocupados, reencolando petición de IBE-019
Avión IBE-019 cola: TAKEOFF_REQUESTED
Operario 5: Recursos ocupados, reencolando petición de IBE-015
Avión IBE-015 cola: TAKEOFF_REQUESTED
Operario 3: Recursos ocupados, reencolando petición de IBE-020
Avión IBE-020 cola: TAKEOFF_REQUESTED
Operario 2 atiende petición de Avión IBE-016
Operario 4 atiende petición de Avión IBE-014
Operario 1 atiende petición de Avión IBE-007
Operario 5 atiende petición de Avión IBE-001
Operario 2: Recursos ocupados, reencolando petición de IBE-016
Avión IBE-016 cola: LANDING_REQUESTED
Operario 3 atiende petición de Avión IBE-009
Operario 4: Recursos ocupados, reencolando petición de IBE-014
Avión IBE-014 cola: LANDING_REQUESTED
Operario 1: Recursos ocupados, reencolando petición de IBE-007
Avión IBE-007 cola: LANDING_REQUESTED
Operario 5: Recursos ocupados, reencolando petición de IBE-001
Avión IBE-001 cola: LANDING_REQUESTED
Operario 3: Recursos ocupados, reencolando petición de IBE-009
Avión IBE-009 cola: LANDING_REQUESTED
Operario 2 atiende petición de Avión IBE-017
Operario 4 atiende petición de Avión IBE-008
Operario 1 atiende petición de Avión IBE-005
Operario 5 atiende petición de Avión IBE-010
Operario 3 atiende petición de Avión IBE-003
Operario 2 atiende petición de Avión IBE-018
Avión IBE-017 cola: TAKEOFF_REQUESTED
Operario 4 atiende petición de Avión IBE-002
Avión IBE-008 cola: TAKEOFF_REQUESTED
Operario 1: Recursos ocupados, reencolando petición de IBE-005
Avión IBE-005 cola: LANDING_REQUESTED
Operario 5: Recursos ocupados, reencolando petición de IBE-010
Avión IBE-010 cola: TAKEOFF_REQUESTED
Operario 3: Recursos ocupados, reencolando petición de IBE-003
Avión IBE-003 cola: TAKEOFF_REQUESTED
Operario 2: Recursos ocupados, reencolando petición de IBE-018
Avión IBE-018 cola: LANDING_REQUESTED
Operario 4: Recursos ocupados, reencolando petición de IBE-002
Avión IBE-002 cola: LANDING_REQUESTED
Operario 1 atiende petición de Avión IBE-013
Operario 5 atiende petición de Avión IBE-012
Operario 2 atiende petición de Avión IBE-015
Operario 3 atiende petición de Avión IBE-019
Operario 4 atiende petición de Avión IBE-020
Operario 1: Recursos ocupados, reencolando petición de IBE-013
Avión IBE-013 cola: LANDING_REQUESTED
Operario 5: Recursos ocupados, reencolando petición de IBE-012
Avión IBE-012 cola: LANDING_REQUESTED
Operario 2: Recursos ocupados, reencolando petición de IBE-015
Avión IBE-015 cola: TAKEOFF_REQUESTED
Operario 3: Recursos ocupados, reencolando petición de IBE-019
Avión IBE-019 cola: TAKEOFF_REQUESTED
Operario 4: Recursos ocupados, reencolando petición de IBE-020
Avión IBE-020 cola: TAKEOFF_REQUESTED
Operario 1 atiende petición de Avión IBE-016
Operario 2 atiende petición de Avión IBE-014
Operario 5 atiende petición de Avión IBE-007
Operario 3 atiende petición de Avión IBE-001
Operario 4 atiende petición de Avión IBE-009
Operario 1: Recursos ocupados, reencolando petición de IBE-016
Avión IBE-016 cola: LANDING_REQUESTED
Operario 2: Recursos ocupados, reencolando petición de IBE-014
Avión IBE-014 cola: LANDING_REQUESTED
Operario 5: Recursos ocupados, reencolando petición de IBE-007
Avión IBE-007 cola: LANDING_REQUESTED
Operario 3: Recursos ocupados, reencolando petición de IBE-001
Avión IBE-001 cola: LANDING_REQUESTED
Operario 4: Recursos ocupados, reencolando petición de IBE-009
Avión IBE-009 cola: LANDING_REQUESTED
Operario 1 atiende petición de Avión IBE-008
Operario 2 atiende petición de Avión IBE-017
Operario 5 atiende petición de Avión IBE-005
Operario 3 atiende petición de Avión IBE-010
Operario 4 atiende petición de Avión IBE-003
Operario 1: Recursos ocupados, reencolando petición de IBE-008
Avión IBE-008 cola: TAKEOFF_REQUESTED
Operario 2: Recursos ocupados, reencolando petición de IBE-017
Avión IBE-017 cola: TAKEOFF_REQUESTED
Operario 5: Recursos ocupados, reencolando petición de IBE-005
Avión IBE-005 cola: LANDING_REQUESTED
Operario 3: Recursos ocupados, reencolando petición de IBE-010
Avión IBE-010 cola: TAKEOFF_REQUESTED
Operario 4: Recursos ocupados, reencolando petición de IBE-003
Avión IBE-003 cola: TAKEOFF_REQUESTED
Operario 1 atiende petición de Avión IBE-018
Operario 2 atiende petición de Avión IBE-002
Operario 5 atiende petición de Avión IBE-013
Operario 3 atiende petición de Avión IBE-012
Operario 1: Recursos ocupados, reencolando petición de IBE-018
Avión IBE-018 cola: LANDING_REQUESTED
Operario 4 atiende petición de Avión IBE-015
Operario 2: Recursos ocupados, reencolando petición de IBE-002
Avión IBE-002 cola: LANDING_REQUESTED
Operario 5: Recursos ocupados, reencolando petición de IBE-013
Avión IBE-013 cola: LANDING_REQUESTED
Operario 3: Recursos ocupados, reencolando petición de IBE-012
Avión IBE-012 cola: LANDING_REQUESTED
Operario 4: Recursos ocupados, reencolando petición de IBE-015
Avión IBE-015 cola: TAKEOFF_REQUESTED
Operario 1 atiende petición de Avión IBE-019
Operario 2 atiende petición de Avión IBE-020
Operario 5 atiende petición de Avión IBE-016
Operario 3 atiende petición de Avión IBE-014
Operario 1: Recursos ocupados, reencolando petición de IBE-019
Avión IBE-019 cola: TAKEOFF_REQUESTED
Operario 4 atiende petición de Avión IBE-007
Operario 2: Recursos ocupados, reencolando petición de IBE-020
Avión IBE-020 cola: TAKEOFF_REQUESTED
Operario 5: Recursos ocupados, reencolando petición de IBE-016
Avión IBE-016 cola: LANDING_REQUESTED
Operario 3: Recursos ocupados, reencolando petición de IBE-014
Avión IBE-014 cola: LANDING_REQUESTED
Operario 4: Recursos ocupados, reencolando petición de IBE-007
Avión IBE-007 cola: LANDING_REQUESTED
Operario 1 atiende petición de Avión IBE-001
Operario 2 atiende petición de Avión IBE-009
Operario 5 atiende petición de Avión IBE-008
Operario 3 atiende petición de Avión IBE-017
Operario 4 atiende petición de Avión IBE-005
Operario 1: Recursos ocupados, reencolando petición de IBE-001
Avión IBE-001 cola: LANDING_REQUESTED
Operario 2: Recursos ocupados, reencolando petición de IBE-009
Avión IBE-009 cola: LANDING_REQUESTED
Operario 5: Recursos ocupados, reencolando petición de IBE-008
Avión IBE-008 cola: TAKEOFF_REQUESTED
Operario 3: Recursos ocupados, reencolando petición de IBE-017
Avión IBE-017 cola: TAKEOFF_REQUESTED
Operario 4: Recursos ocupados, reencolando petición de IBE-005
Avión IBE-005 cola: LANDING_REQUESTED
Operario 1 atiende petición de Avión IBE-010
Operario 2 atiende petición de Avión IBE-003
Operario 5 atiende petición de Avión IBE-018
Operario 3 atiende petición de Avión IBE-002
Operario 4 atiende petición de Avión IBE-013
Operario 1: Recursos ocupados, reencolando petición de IBE-010
Avión IBE-010 cola: TAKEOFF_REQUESTED
Operario 2: Recursos ocupados, reencolando petición de IBE-003
Avión IBE-003 cola: TAKEOFF_REQUESTED
Operario 5: Recursos ocupados, reencolando petición de IBE-018
Avión IBE-018 cola: LANDING_REQUESTED
Operario 3: Recursos ocupados, reencolando petición de IBE-002
Avión IBE-002 cola: LANDING_REQUESTED
Operario 4: Recursos ocupados, reencolando petición de IBE-013
Avión IBE-013 cola: LANDING_REQUESTED
Operario 1 atiende petición de Avión IBE-012
Operario 2 atiende petición de Avión IBE-015
Operario 3 atiende petición de Avión IBE-019
Operario 5 atiende petición de Avión IBE-020
Operario 4 atiende petición de Avión IBE-016
Operario 1: Recursos ocupados, reencolando petición de IBE-012
Avión IBE-012 cola: LANDING_REQUESTED
Operario 2: Recursos ocupados, reencolando petición de IBE-015
Avión IBE-015 cola: TAKEOFF_REQUESTED
Operario 3: Recursos ocupados, reencolando petición de IBE-019
Avión IBE-019 cola: TAKEOFF_REQUESTED
Operario 5: Recursos ocupados, reencolando petición de IBE-020
Avión IBE-020 cola: TAKEOFF_REQUESTED
Operario 4: Recursos ocupados, reencolando petición de IBE-016
Avión IBE-016 cola: LANDING_REQUESTED
Operario 1 atiende petición de Avión IBE-014
Operario 3 atiende petición de Avión IBE-007
Operario 2 atiende petición de Avión IBE-001
Operario 5 atiende petición de Avión IBE-009
Operario 4 atiende petición de Avión IBE-008
Operario 1: Recursos ocupados, reencolando petición de IBE-014
Avión IBE-014 cola: LANDING_REQUESTED
Operario 3: Recursos ocupados, reencolando petición de IBE-007
Operario 2: Recursos ocupados, reencolando petición de IBE-001
Avión IBE-001 cola: LANDING_REQUESTED
Avión IBE-007 cola: LANDING_REQUESTED
Operario 5: Recursos ocupados, reencolando petición de IBE-009
Avión IBE-009 cola: LANDING_REQUESTED
Operario 4: Recursos ocupados, reencolando petición de IBE-008
Avión IBE-008 cola: TAKEOFF_REQUESTED
Operario 1 atiende petición de Avión IBE-017
Operario 3 atiende petición de Avión IBE-005
Operario 2 atiende petición de Avión IBE-010
Operario 5 atiende petición de Avión IBE-003
Operario 4 atiende petición de Avión IBE-018
Operario 1: Recursos ocupados, reencolando petición de IBE-017
Avión IBE-017 cola: TAKEOFF_REQUESTED
Operario 3: Recursos ocupados, reencolando petición de IBE-005
Operario 2: Recursos ocupados, reencolando petición de IBE-010
Avión IBE-010 cola: TAKEOFF_REQUESTED
Avión IBE-005 cola: LANDING_REQUESTED
Operario 5: Recursos ocupados, reencolando petición de IBE-003
Avión IBE-003 cola: TAKEOFF_REQUESTED
Operario 4: Recursos ocupados, reencolando petición de IBE-018
Avión IBE-018 cola: LANDING_REQUESTED
Operario 1 atiende petición de Avión IBE-002
Operario 2 atiende petición de Avión IBE-013
Operario 3 atiende petición de Avión IBE-012
Operario 5 atiende petición de Avión IBE-015
Operario 4 atiende petición de Avión IBE-019
Operario 1: Recursos ocupados, reencolando petición de IBE-002
Avión IBE-002 cola: LANDING_REQUESTED
Operario 2: Recursos ocupados, reencolando petición de IBE-013
Avión IBE-013 cola: LANDING_REQUESTED
Operario 3: Recursos ocupados, reencolando petición de IBE-012
Avión IBE-012 cola: LANDING_REQUESTED
Operario 5: Recursos ocupados, reencolando petición de IBE-015
Avión IBE-015 cola: TAKEOFF_REQUESTED
Operario 4: Recursos ocupados, reencolando petición de IBE-019
Avión IBE-019 cola: TAKEOFF_REQUESTED
Operario 1 atiende petición de Avión IBE-020
Operario 3 atiende petición de Avión IBE-016
Operario 2 atiende petición de Avión IBE-014
Operario 5 atiende petición de Avión IBE-007
Operario 4 atiende petición de Avión IBE-001
Operario 1: Recursos ocupados, reencolando petición de IBE-020
Avión IBE-020 cola: TAKEOFF_REQUESTED
Operario 3: Recursos ocupados, reencolando petición de IBE-016
Avión IBE-016 cola: LANDING_REQUESTED
Operario 2: Recursos ocupados, reencolando petición de IBE-014
Avión IBE-014 cola: LANDING_REQUESTED
Operario 5: Recursos ocupados, reencolando petición de IBE-007
Avión IBE-007 cola: LANDING_REQUESTED
Operario 4: Recursos ocupados, reencolando petición de IBE-001
Avión IBE-001 cola: LANDING_REQUESTED
Operario 3 atiende petición de Avión IBE-009
Operario 1 atiende petición de Avión IBE-008
Operario 2 atiende petición de Avión IBE-017
Operario 5 atiende petición de Avión IBE-005
Operario 4 atiende petición de Avión IBE-010
Operario 1: Recursos ocupados, reencolando petición de IBE-008
Avión IBE-008 cola: TAKEOFF_REQUESTED
Operario 3: Recursos ocupados, reencolando petición de IBE-009
Avión IBE-009 cola: LANDING_REQUESTED
Operario 2: Recursos ocupados, reencolando petición de IBE-017
Avión IBE-017 cola: TAKEOFF_REQUESTED
Operario 5: Recursos ocupados, reencolando petición de IBE-005
Avión IBE-005 cola: LANDING_REQUESTED
Operario 4: Recursos ocupados, reencolando petición de IBE-010
Avión IBE-010 cola: TAKEOFF_REQUESTED
Operario 3 atiende petición de Avión IBE-018
Operario 1 atiende petición de Avión IBE-003
Operario 2 atiende petición de Avión IBE-002
Operario 5 atiende petición de Avión IBE-013
Operario 4 atiende petición de Avión IBE-012
Operario 3: Recursos ocupados, reencolando petición de IBE-018
Avión IBE-018 cola: LANDING_REQUESTED
Operario 1: Recursos ocupados, reencolando petición de IBE-003
Avión IBE-003 cola: TAKEOFF_REQUESTED
Operario 2: Recursos ocupados, reencolando petición de IBE-002
Avión IBE-002 cola: LANDING_REQUESTED
Operario 5: Recursos ocupados, reencolando petición de IBE-013
Avión IBE-013 cola: LANDING_REQUESTED
Operario 4: Recursos ocupados, reencolando petición de IBE-012
Avión IBE-012 cola: LANDING_REQUESTED
Operario 3 atiende petición de Avión IBE-015
Operario 1 atiende petición de Avión IBE-019
Operario 2 atiende petición de Avión IBE-020
Operario 5 atiende petición de Avión IBE-016
Operario 3: Recursos ocupados, reencolando petición de IBE-015
Operario 4 atiende petición de Avión IBE-014
Avión IBE-015 cola: TAKEOFF_REQUESTED
Operario 1: Recursos ocupados, reencolando petición de IBE-019
Avión IBE-019 cola: TAKEOFF_REQUESTED
Operario 2: Recursos ocupados, reencolando petición de IBE-020
Avión IBE-020 cola: TAKEOFF_REQUESTED
Operario 5: Recursos ocupados, reencolando petición de IBE-016
Avión IBE-016 cola: LANDING_REQUESTED
Operario 4: Recursos ocupados, reencolando petición de IBE-014
Avión IBE-014 cola: LANDING_REQUESTED
Operario 3 atiende petición de Avión IBE-007
Operario 1 atiende petición de Avión IBE-001
Operario 2 atiende petición de Avión IBE-008
Operario 5 atiende petición de Avión IBE-009
Operario 4 atiende petición de Avión IBE-017
Operario 3: Recursos ocupados, reencolando petición de IBE-007
Avión IBE-007 cola: LANDING_REQUESTED
Operario 1: Recursos ocupados, reencolando petición de IBE-001
Avión IBE-001 cola: LANDING_REQUESTED
Operario 2: Recursos ocupados, reencolando petición de IBE-008
Avión IBE-008 cola: TAKEOFF_REQUESTED
Operario 5: Recursos ocupados, reencolando petición de IBE-009
Avión IBE-009 cola: LANDING_REQUESTED
Operario 4: Recursos ocupados, reencolando petición de IBE-017
Avión IBE-017 cola: TAKEOFF_REQUESTED
Operario 3 atiende petición de Avión IBE-005
Operario 1 atiende petición de Avión IBE-010
Operario 2 atiende petición de Avión IBE-018
Operario 5 atiende petición de Avión IBE-003
Operario 4 atiende petición de Avión IBE-002
Operario 3: Recursos ocupados, reencolando petición de IBE-005
Avión IBE-005 cola: LANDING_REQUESTED
Operario 1: Recursos ocupados, reencolando petición de IBE-010
Avión IBE-010 cola: TAKEOFF_REQUESTED
Operario 2: Recursos ocupados, reencolando petición de IBE-018
Avión IBE-018 cola: LANDING_REQUESTED
Operario 5: Recursos ocupados, reencolando petición de IBE-003
Avión IBE-003 cola: TAKEOFF_REQUESTED
Operario 4: Recursos ocupados, reencolando petición de IBE-002
Avión IBE-002 cola: LANDING_REQUESTED
Operario 3 atiende petición de Avión IBE-013
Operario 1 atiende petición de Avión IBE-012
Operario 2 atiende petición de Avión IBE-015
Operario 5 atiende petición de Avión IBE-019
Operario 4 atiende petición de Avión IBE-020
Operario 3: Recursos ocupados, reencolando petición de IBE-013
Avión IBE-013 cola: LANDING_REQUESTED
Operario 1: Recursos ocupados, reencolando petición de IBE-012
Avión IBE-012 cola: LANDING_REQUESTED
Operario 2: Recursos ocupados, reencolando petición de IBE-015
Avión IBE-015 cola: TAKEOFF_REQUESTED
Operario 5: Recursos ocupados, reencolando petición de IBE-019
Avión IBE-019 cola: TAKEOFF_REQUESTED
Operario 4: Recursos ocupados, reencolando petición de IBE-020
Avión IBE-020 cola: TAKEOFF_REQUESTED
Operario 3 atiende petición de Avión IBE-016
Operario 1 atiende petición de Avión IBE-014
Operario 2 atiende petición de Avión IBE-007
Operario 5 atiende petición de Avión IBE-001
Operario 4 atiende petición de Avión IBE-008
Operario 3: Recursos ocupados, reencolando petición de IBE-016
Avión IBE-016 cola: LANDING_REQUESTED
Operario 1: Recursos ocupados, reencolando petición de IBE-014
Avión IBE-014 cola: LANDING_REQUESTED
Operario 2: Recursos ocupados, reencolando petición de IBE-007
Avión IBE-007 cola: LANDING_REQUESTED
Operario 5: Recursos ocupados, reencolando petición de IBE-001
Avión IBE-001 cola: LANDING_REQUESTED
Operario 4: Recursos ocupados, reencolando petición de IBE-008
Avión IBE-008 cola: TAKEOFF_REQUESTED
Operario 3 atiende petición de Avión IBE-009
Operario 1 atiende petición de Avión IBE-017
Operario 2 atiende petición de Avión IBE-005
Operario 5 atiende petición de Avión IBE-010
Operario 4 atiende petición de Avión IBE-018
Operario 3: Recursos ocupados, reencolando petición de IBE-009
Avión IBE-009 cola: LANDING_REQUESTED
Operario 1: Recursos ocupados, reencolando petición de IBE-017
Avión IBE-017 cola: TAKEOFF_REQUESTED
Operario 2: Recursos ocupados, reencolando petición de IBE-005
Avión IBE-005 cola: LANDING_REQUESTED
Operario 5: Recursos ocupados, reencolando petición de IBE-010
Avión IBE-010 cola: TAKEOFF_REQUESTED
Operario 4: Recursos ocupados, reencolando petición de IBE-018
Avión IBE-018 cola: LANDING_REQUESTED
Operario 3 atiende petición de Avión IBE-003
Operario 1 atiende petición de Avión IBE-002
Operario 2 atiende petición de Avión IBE-013
Operario 4 atiende petición de Avión IBE-012
Operario 5 atiende petición de Avión IBE-015
Operario 3: Recursos ocupados, reencolando petición de IBE-003
Avión IBE-003 cola: TAKEOFF_REQUESTED
Operario 1: Recursos ocupados, reencolando petición de IBE-002
Avión IBE-002 cola: LANDING_REQUESTED
Operario 2: Recursos ocupados, reencolando petición de IBE-013
Avión IBE-013 cola: LANDING_REQUESTED
Operario 4: Recursos ocupados, reencolando petición de IBE-012
Avión IBE-012 cola: LANDING_REQUESTED
Operario 5: Recursos ocupados, reencolando petición de IBE-015
Avión IBE-015 cola: TAKEOFF_REQUESTED
Operario 3 atiende petición de Avión IBE-019
Operario 1 atiende petición de Avión IBE-020
Operario 2 atiende petición de Avión IBE-014
Operario 4 atiende petición de Avión IBE-016
Operario 5 atiende petición de Avión IBE-007
Operario 3: Recursos ocupados, reencolando petición de IBE-019
Avión IBE-019 cola: TAKEOFF_REQUESTED
Operario 1: Recursos ocupados, reencolando petición de IBE-020
Avión IBE-020 cola: TAKEOFF_REQUESTED
Operario 4: Recursos ocupados, reencolando petición de IBE-016
Avión IBE-016 cola: LANDING_REQUESTED
Operario 2: Recursos ocupados, reencolando petición de IBE-014
Avión IBE-014 cola: LANDING_REQUESTED
Operario 5: Recursos ocupados, reencolando petición de IBE-007
Avión IBE-007 cola: LANDING_REQUESTED
Operario 3 atiende petición de Avión IBE-001
Operario 1 atiende petición de Avión IBE-008
Operario 4 atiende petición de Avión IBE-009
Operario 2 atiende petición de Avión IBE-017
Operario 5 atiende petición de Avión IBE-005
Operario 3: Recursos ocupados, reencolando petición de IBE-001
Avión IBE-001 cola: LANDING_REQUESTED
Operario 1: Recursos ocupados, reencolando petición de IBE-008
Avión IBE-008 cola: TAKEOFF_REQUESTED
Operario 4: Recursos ocupados, reencolando petición de IBE-009
Avión IBE-009 cola: LANDING_REQUESTED
Operario 2: Recursos ocupados, reencolando petición de IBE-017
Avión IBE-017 cola: TAKEOFF_REQUESTED
Operario 5: Recursos ocupados, reencolando petición de IBE-005
Avión IBE-005 cola: LANDING_REQUESTED
Operario 3 atiende petición de Avión IBE-010
Operario 4 atiende petición de Avión IBE-018
Operario 1 atiende petición de Avión IBE-003
Operario 2 atiende petición de Avión IBE-002
Operario 5 atiende petición de Avión IBE-013
Operario 3: Recursos ocupados, reencolando petición de IBE-010
Avión IBE-010 cola: TAKEOFF_REQUESTED
Operario 1: Recursos ocupados, reencolando petición de IBE-003
Avión IBE-003 cola: TAKEOFF_REQUESTED
Operario 4: Recursos ocupados, reencolando petición de IBE-018
Avión IBE-018 cola: LANDING_REQUESTED
Operario 2: Recursos ocupados, reencolando petición de IBE-002
Avión IBE-002 cola: LANDING_REQUESTED
Operario 5: Recursos ocupados, reencolando petición de IBE-013
Avión IBE-013 cola: LANDING_REQUESTED
Operario 3 atiende petición de Avión IBE-012
Operario 1 atiende petición de Avión IBE-015
Operario 4 atiende petición de Avión IBE-019
Operario 2 atiende petición de Avión IBE-020
Operario 5 atiende petición de Avión IBE-016
Operario 3: Recursos ocupados, reencolando petición de IBE-012
Avión IBE-012 cola: LANDING_REQUESTED
Operario 1: Recursos ocupados, reencolando petición de IBE-015
Avión IBE-015 cola: TAKEOFF_REQUESTED
Operario 4: Recursos ocupados, reencolando petición de IBE-019
Avión IBE-019 cola: TAKEOFF_REQUESTED
Operario 2: Recursos ocupados, reencolando petición de IBE-020
Avión IBE-020 cola: TAKEOFF_REQUESTED
Operario 5: Recursos ocupados, reencolando petición de IBE-016
Avión IBE-016 cola: LANDING_REQUESTED
Operario 3 atiende petición de Avión IBE-007
Operario 1 atiende petición de Avión IBE-014
Operario 4 atiende petición de Avión IBE-001
Operario 2 atiende petición de Avión IBE-008
Operario 5 atiende petición de Avión IBE-009
Operario 3: Recursos ocupados, reencolando petición de IBE-007
Avión IBE-007 cola: LANDING_REQUESTED
Operario 1: Recursos ocupados, reencolando petición de IBE-014
Avión IBE-014 cola: LANDING_REQUESTED
Operario 4: Recursos ocupados, reencolando petición de IBE-001
Avión IBE-001 cola: LANDING_REQUESTED
Operario 2: Recursos ocupados, reencolando petición de IBE-008
Avión IBE-008 cola: TAKEOFF_REQUESTED
Operario 5: Recursos ocupados, reencolando petición de IBE-009
Avión IBE-009 cola: LANDING_REQUESTED
Operario 3 atiende petición de Avión IBE-017
Operario 1 atiende petición de Avión IBE-005
Operario 4 atiende petición de Avión IBE-010
Operario 2 atiende petición de Avión IBE-003
Operario 5 atiende petición de Avión IBE-018
Operario 3: Recursos ocupados, reencolando petición de IBE-017
Avión IBE-017 cola: TAKEOFF_REQUESTED
Operario 1: Recursos ocupados, reencolando petición de IBE-005
Avión IBE-005 cola: LANDING_REQUESTED
Operario 4: Recursos ocupados, reencolando petición de IBE-010
Avión IBE-010 cola: TAKEOFF_REQUESTED
Operario 2: Recursos ocupados, reencolando petición de IBE-003
Avión IBE-003 cola: TAKEOFF_REQUESTED
Operario 5: Recursos ocupados, reencolando petición de IBE-018
Avión IBE-018 cola: LANDING_REQUESTED
Operario 3 atiende petición de Avión IBE-002
Operario 1 atiende petición de Avión IBE-013
Operario 4 atiende petición de Avión IBE-012
Operario 2 atiende petición de Avión IBE-015
Operario 3: Recursos ocupados, reencolando petición de IBE-002
Avión IBE-002 cola: LANDING_REQUESTED
Operario 5 atiende petición de Avión IBE-019
Operario 1: Recursos ocupados, reencolando petición de IBE-013
Avión IBE-013 cola: LANDING_REQUESTED
Operario 4: Recursos ocupados, reencolando petición de IBE-012
Avión IBE-012 cola: LANDING_REQUESTED
Operario 2: Recursos ocupados, reencolando petición de IBE-015
Avión IBE-015 cola: TAKEOFF_REQUESTED
Operario 5: Recursos ocupados, reencolando petición de IBE-019
Avión IBE-019 cola: TAKEOFF_REQUESTED
Operario 3 atiende petición de Avión IBE-020
Operario 1 atiende petición de Avión IBE-016
Operario 4 atiende petición de Avión IBE-007
Operario 2 atiende petición de Avión IBE-014
Operario 3: Recursos ocupados, reencolando petición de IBE-020
Avión IBE-020 cola: TAKEOFF_REQUESTED
Operario 5 atiende petición de Avión IBE-001
Operario 1: Recursos ocupados, reencolando petición de IBE-016
Avión IBE-016 cola: LANDING_REQUESTED
Operario 4: Recursos ocupados, reencolando petición de IBE-007
Avión IBE-007 cola: LANDING_REQUESTED
Operario 2: Recursos ocupados, reencolando petición de IBE-014
Avión IBE-014 cola: LANDING_REQUESTED
Operario 5: Recursos ocupados, reencolando petición de IBE-001
Avión IBE-001 cola: LANDING_REQUESTED
Operario 3 atiende petición de Avión IBE-008
Operario 1 atiende petición de Avión IBE-009
Operario 4 atiende petición de Avión IBE-017
Operario 2 atiende petición de Avión IBE-005
Operario 3: Recursos ocupados, reencolando petición de IBE-008
Avión IBE-008 cola: TAKEOFF_REQUESTED
Operario 5 atiende petición de Avión IBE-010
Operario 1: Recursos ocupados, reencolando petición de IBE-009
Avión IBE-009 cola: LANDING_REQUESTED
Operario 4: Recursos ocupados, reencolando petición de IBE-017
Avión IBE-017 cola: TAKEOFF_REQUESTED
Operario 2: Recursos ocupados, reencolando petición de IBE-005
Avión IBE-005 cola: LANDING_REQUESTED
Operario 5: Recursos ocupados, reencolando petición de IBE-010
Avión IBE-010 cola: TAKEOFF_REQUESTED
Operario 3 atiende petición de Avión IBE-003
Operario 1 atiende petición de Avión IBE-018
Operario 4 atiende petición de Avión IBE-002
Operario 2 atiende petición de Avión IBE-013
Operario 3: Recursos ocupados, reencolando petición de IBE-003
Avión IBE-003 cola: TAKEOFF_REQUESTED
Operario 5 atiende petición de Avión IBE-012
Operario 1: Recursos ocupados, reencolando petición de IBE-018
Avión IBE-018 cola: LANDING_REQUESTED
Operario 4: Recursos ocupados, reencolando petición de IBE-002
Avión IBE-002 cola: LANDING_REQUESTED
Operario 2: Recursos ocupados, reencolando petición de IBE-013
Avión IBE-013 cola: LANDING_REQUESTED
Operario 5: Recursos ocupados, reencolando petición de IBE-012
Avión IBE-012 cola: LANDING_REQUESTED
Operario 3 atiende petición de Avión IBE-015
Operario 1 atiende petición de Avión IBE-019
Operario 4 atiende petición de Avión IBE-020
Operario 2 atiende petición de Avión IBE-016
Operario 3: Recursos ocupados, reencolando petición de IBE-015
Avión IBE-015 cola: TAKEOFF_REQUESTED
Operario 5 atiende petición de Avión IBE-007
Operario 1: Recursos ocupados, reencolando petición de IBE-019
Avión IBE-019 cola: TAKEOFF_REQUESTED
Operario 4: Recursos ocupados, reencolando petición de IBE-020
Avión IBE-020 cola: TAKEOFF_REQUESTED
Operario 2: Recursos ocupados, reencolando petición de IBE-016
Avión IBE-016 cola: LANDING_REQUESTED
Operario 5: Recursos ocupados, reencolando petición de IBE-007
Avión IBE-007 cola: LANDING_REQUESTED
Operario 3 atiende petición de Avión IBE-014
Operario 1 atiende petición de Avión IBE-001
Operario 4 atiende petición de Avión IBE-008
Operario 2 atiende petición de Avión IBE-009
Operario 3: Recursos ocupados, reencolando petición de IBE-014
Avión IBE-014 cola: LANDING_REQUESTED
Operario 5 atiende petición de Avión IBE-017
Operario 1: Recursos ocupados, reencolando petición de IBE-001
Avión IBE-001 cola: LANDING_REQUESTED
Operario 4: Recursos ocupados, reencolando petición de IBE-008
Avión IBE-008 cola: TAKEOFF_REQUESTED
Operario 2: Recursos ocupados, reencolando petición de IBE-009
Avión IBE-009 cola: LANDING_REQUESTED
Operario 5: Recursos ocupados, reencolando petición de IBE-017
Avión IBE-017 cola: TAKEOFF_REQUESTED
Operario 3 atiende petición de Avión IBE-005
Operario 1 atiende petición de Avión IBE-010
Operario 4 atiende petición de Avión IBE-003
Operario 2 atiende petición de Avión IBE-018
Operario 3: Recursos ocupados, reencolando petición de IBE-005
Avión IBE-005 cola: LANDING_REQUESTED
Operario 5 atiende petición de Avión IBE-002
Operario 1: Recursos ocupados, reencolando petición de IBE-010
Avión IBE-010 cola: TAKEOFF_REQUESTED
Operario 4: Recursos ocupados, reencolando petición de IBE-003
Avión IBE-003 cola: TAKEOFF_REQUESTED
Operario 2: Recursos ocupados, reencolando petición de IBE-018
Avión IBE-018 cola: LANDING_REQUESTED
Operario 5: Recursos ocupados, reencolando petición de IBE-002
Avión IBE-002 cola: LANDING_REQUESTED
Operario 3 atiende petición de Avión IBE-013
Operario 1 atiende petición de Avión IBE-012
Operario 4 atiende petición de Avión IBE-015
Operario 2 atiende petición de Avión IBE-019
Operario 3: Recursos ocupados, reencolando petición de IBE-013
Avión IBE-013 cola: LANDING_REQUESTED
Operario 5 atiende petición de Avión IBE-020
Operario 1: Recursos ocupados, reencolando petición de IBE-012
Avión IBE-012 cola: LANDING_REQUESTED
Operario 4: Recursos ocupados, reencolando petición de IBE-015
Avión IBE-015 cola: TAKEOFF_REQUESTED
Operario 2: Recursos ocupados, reencolando petición de IBE-019
Avión IBE-019 cola: TAKEOFF_REQUESTED
Operario 5: Recursos ocupados, reencolando petición de IBE-020
Avión IBE-020 cola: TAKEOFF_REQUESTED
Operario 3 atiende petición de Avión IBE-016
Operario 1 atiende petición de Avión IBE-007
Operario 4 atiende petición de Avión IBE-014
Operario 2 atiende petición de Avión IBE-001
Operario 5 atiende petición de Avión IBE-008
Operario 3: Recursos ocupados, reencolando petición de IBE-016
Avión IBE-016 cola: LANDING_REQUESTED
Operario 1: Recursos ocupados, reencolando petición de IBE-007
Avión IBE-007 cola: LANDING_REQUESTED
Operario 4: Recursos ocupados, reencolando petición de IBE-014
Avión IBE-014 cola: LANDING_REQUESTED
Operario 2: Recursos ocupados, reencolando petición de IBE-001
Avión IBE-001 cola: LANDING_REQUESTED
Operario 5: Recursos ocupados, reencolando petición de IBE-008
Avión IBE-008 cola: TAKEOFF_REQUESTED
Operario 3 atiende petición de Avión IBE-009
Operario 1 atiende petición de Avión IBE-017
Operario 4 atiende petición de Avión IBE-005
Operario 2 atiende petición de Avión IBE-010
Operario 5 atiende petición de Avión IBE-003
Operario 3: Recursos ocupados, reencolando petición de IBE-009
Avión IBE-009 cola: LANDING_REQUESTED
Operario 1: Recursos ocupados, reencolando petición de IBE-017
Avión IBE-017 cola: TAKEOFF_REQUESTED
Operario 4: Recursos ocupados, reencolando petición de IBE-005
Avión IBE-005 cola: LANDING_REQUESTED
Operario 2: Recursos ocupados, reencolando petición de IBE-010
Avión IBE-010 cola: TAKEOFF_REQUESTED
Operario 5: Recursos ocupados, reencolando petición de IBE-003
Avión IBE-003 cola: TAKEOFF_REQUESTED
Operario 3 atiende petición de Avión IBE-018
Operario 1 atiende petición de Avión IBE-002
Operario 4 atiende petición de Avión IBE-013
Operario 2 atiende petición de Avión IBE-012
Operario 5 atiende petición de Avión IBE-015
Operario 3: Recursos ocupados, reencolando petición de IBE-018
Avión IBE-018 cola: LANDING_REQUESTED
Operario 1: Recursos ocupados, reencolando petición de IBE-002
Avión IBE-002 cola: LANDING_REQUESTED
Operario 4: Recursos ocupados, reencolando petición de IBE-013
Avión IBE-013 cola: LANDING_REQUESTED
Operario 2: Recursos ocupados, reencolando petición de IBE-012
Avión IBE-012 cola: LANDING_REQUESTED
Operario 5: Recursos ocupados, reencolando petición de IBE-015
Avión IBE-015 cola: TAKEOFF_REQUESTED
Operario 3 atiende petición de Avión IBE-019
Operario 4 atiende petición de Avión IBE-020
Operario 1 atiende petición de Avión IBE-016
Operario 2 atiende petición de Avión IBE-007
Operario 5 atiende petición de Avión IBE-014
Operario 3: Recursos ocupados, reencolando petición de IBE-019
Avión IBE-019 cola: TAKEOFF_REQUESTED
Operario 4: Recursos ocupados, reencolando petición de IBE-020
Avión IBE-020 cola: TAKEOFF_REQUESTED
Operario 1: Recursos ocupados, reencolando petición de IBE-016
Avión IBE-016 cola: LANDING_REQUESTED
Operario 2: Recursos ocupados, reencolando petición de IBE-007
Avión IBE-007 cola: LANDING_REQUESTED
Operario 5: Recursos ocupados, reencolando petición de IBE-014
Avión IBE-014 cola: LANDING_REQUESTED
Operario 3 atiende petición de Avión IBE-001
Operario 4 atiende petición de Avión IBE-008
Operario 1 atiende petición de Avión IBE-009
Operario 2 atiende petición de Avión IBE-017
Operario 5 atiende petición de Avión IBE-005
Operario 3: Recursos ocupados, reencolando petición de IBE-001
Avión IBE-001 cola: LANDING_REQUESTED
Operario 4: Recursos ocupados, reencolando petición de IBE-008
Avión IBE-008 cola: TAKEOFF_REQUESTED
Operario 1: Recursos ocupados, reencolando petición de IBE-009
Avión IBE-009 cola: LANDING_REQUESTED
Operario 2: Recursos ocupados, reencolando petición de IBE-017
Avión IBE-017 cola: TAKEOFF_REQUESTED
Operario 5: Recursos ocupados, reencolando petición de IBE-005
Avión IBE-005 cola: LANDING_REQUESTED
Operario 3 atiende petición de Avión IBE-010
Operario 4 atiende petición de Avión IBE-003
Operario 1 atiende petición de Avión IBE-018
Operario 2 atiende petición de Avión IBE-002
Operario 3: Recursos ocupados, reencolando petición de IBE-010
Avión IBE-010 cola: TAKEOFF_REQUESTED
Operario 5 atiende petición de Avión IBE-013
Operario 4: Recursos ocupados, reencolando petición de IBE-003
Avión IBE-003 cola: TAKEOFF_REQUESTED
Operario 1: Recursos ocupados, reencolando petición de IBE-018
Avión IBE-018 cola: LANDING_REQUESTED
Operario 2: Recursos ocupados, reencolando petición de IBE-002
Avión IBE-002 cola: LANDING_REQUESTED
Operario 5: Recursos ocupados, reencolando petición de IBE-013
Avión IBE-013 cola: LANDING_REQUESTED
Operario 3 atiende petición de Avión IBE-012
Operario 4 atiende petición de Avión IBE-015
Operario 1 atiende petición de Avión IBE-019
Operario 2 atiende petición de Avión IBE-020
Operario 5 atiende petición de Avión IBE-016
Operario 3: Recursos ocupados, reencolando petición de IBE-012
Avión IBE-012 cola: LANDING_REQUESTED
Operario 4: Recursos ocupados, reencolando petición de IBE-015
Avión IBE-015 cola: TAKEOFF_REQUESTED
Operario 1: Recursos ocupados, reencolando petición de IBE-019
Avión IBE-019 cola: TAKEOFF_REQUESTED
Operario 2: Recursos ocupados, reencolando petición de IBE-020
Avión IBE-020 cola: TAKEOFF_REQUESTED
Operario 5: Recursos ocupados, reencolando petición de IBE-016
Avión IBE-016 cola: LANDING_REQUESTED
Operario 3 atiende petición de Avión IBE-007
Operario 4 atiende petición de Avión IBE-014
Operario 1 atiende petición de Avión IBE-001
Operario 2 atiende petición de Avión IBE-008
Operario 5 atiende petición de Avión IBE-009
Operario 3: Recursos ocupados, reencolando petición de IBE-007
Avión IBE-007 cola: LANDING_REQUESTED
Operario 4: Recursos ocupados, reencolando petición de IBE-014
Avión IBE-014 cola: LANDING_REQUESTED
Operario 1: Recursos ocupados, reencolando petición de IBE-001
Avión IBE-001 cola: LANDING_REQUESTED
Operario 2: Recursos ocupados, reencolando petición de IBE-008
Avión IBE-008 cola: TAKEOFF_REQUESTED
Operario 5: Recursos ocupados, reencolando petición de IBE-009
Avión IBE-009 cola: LANDING_REQUESTED
Operario 3 atiende petición de Avión IBE-017
Operario 4 atiende petición de Avión IBE-005
Operario 1 atiende petición de Avión IBE-010
Operario 2 atiende petición de Avión IBE-003
Operario 5 atiende petición de Avión IBE-018
Operario 3: Recursos ocupados, reencolando petición de IBE-017
Avión IBE-017 cola: TAKEOFF_REQUESTED
Operario 4: Recursos ocupados, reencolando petición de IBE-005
Avión IBE-005 cola: LANDING_REQUESTED
Operario 1: Recursos ocupados, reencolando petición de IBE-010
Avión IBE-010 cola: TAKEOFF_REQUESTED
Operario 2: Recursos ocupados, reencolando petición de IBE-003
Avión IBE-003 cola: TAKEOFF_REQUESTED
Operario 5: Recursos ocupados, reencolando petición de IBE-018
Avión IBE-018 cola: LANDING_REQUESTED
Operario 3 atiende petición de Avión IBE-002
Operario 1 atiende petición de Avión IBE-013
Operario 4 atiende petición de Avión IBE-012
Operario 2 atiende petición de Avión IBE-015
Operario 5 atiende petición de Avión IBE-019
Operario 3: Recursos ocupados, reencolando petición de IBE-002
Avión IBE-002 cola: LANDING_REQUESTED
Operario 1: Recursos ocupados, reencolando petición de IBE-013
Avión IBE-013 cola: LANDING_REQUESTED
Operario 4: Recursos ocupados, reencolando petición de IBE-012
Avión IBE-012 cola: LANDING_REQUESTED
Operario 2: Recursos ocupados, reencolando petición de IBE-015
Avión IBE-015 cola: TAKEOFF_REQUESTED
Operario 5: Recursos ocupados, reencolando petición de IBE-019
Avión IBE-019 cola: TAKEOFF_REQUESTED
Operario 1 atiende petición de Avión IBE-016
Operario 3 atiende petición de Avión IBE-020
Operario 4 atiende petición de Avión IBE-007
Operario 2 atiende petición de Avión IBE-014
Operario 5 atiende petición de Avión IBE-001
Operario 1: Recursos ocupados, reencolando petición de IBE-016
Avión IBE-016 cola: LANDING_REQUESTED
Operario 3: Recursos ocupados, reencolando petición de IBE-020
Avión IBE-020 cola: TAKEOFF_REQUESTED
Operario 4: Recursos ocupados, reencolando petición de IBE-007
Avión IBE-007 cola: LANDING_REQUESTED
Operario 2: Recursos ocupados, reencolando petición de IBE-014
Avión IBE-014 cola: LANDING_REQUESTED
Operario 5: Recursos ocupados, reencolando petición de IBE-001
Avión IBE-001 cola: LANDING_REQUESTED
Operario 1 atiende petición de Avión IBE-008
Operario 3 atiende petición de Avión IBE-009
Operario 4 atiende petición de Avión IBE-017
Operario 2 atiende petición de Avión IBE-005
Operario 1: Recursos ocupados, reencolando petición de IBE-008
Avión IBE-008 cola: TAKEOFF_REQUESTED
Operario 5 atiende petición de Avión IBE-010
Operario 3: Recursos ocupados, reencolando petición de IBE-009
Avión IBE-009 cola: LANDING_REQUESTED
Operario 4: Recursos ocupados, reencolando petición de IBE-017
Avión IBE-017 cola: TAKEOFF_REQUESTED
Operario 2: Recursos ocupados, reencolando petición de IBE-005
Avión IBE-005 cola: LANDING_REQUESTED
Operario 5: Recursos ocupados, reencolando petición de IBE-010
Avión IBE-010 cola: TAKEOFF_REQUESTED
Operario 1 atiende petición de Avión IBE-003
Operario 3 atiende petición de Avión IBE-018
Operario 4 atiende petición de Avión IBE-002
Operario 2 atiende petición de Avión IBE-013
Operario 1: Recursos ocupados, reencolando petición de IBE-003
Avión IBE-003 cola: TAKEOFF_REQUESTED
Operario 5 atiende petición de Avión IBE-012
Operario 3: Recursos ocupados, reencolando petición de IBE-018
Avión IBE-018 cola: LANDING_REQUESTED
Operario 4: Recursos ocupados, reencolando petición de IBE-002
Avión IBE-002 cola: LANDING_REQUESTED
Operario 2: Recursos ocupados, reencolando petición de IBE-013
Avión IBE-013 cola: LANDING_REQUESTED
Operario 5: Recursos ocupados, reencolando petición de IBE-012
Avión IBE-012 cola: LANDING_REQUESTED
Operario 1 atiende petición de Avión IBE-015
Operario 3 atiende petición de Avión IBE-019
Operario 4 atiende petición de Avión IBE-016
Operario 2 atiende petición de Avión IBE-020
Operario 5 atiende petición de Avión IBE-007
Operario 1: Recursos ocupados, reencolando petición de IBE-015
Avión IBE-015 cola: TAKEOFF_REQUESTED
Operario 3: Recursos ocupados, reencolando petición de IBE-019
Avión IBE-019 cola: TAKEOFF_REQUESTED
Operario 4: Recursos ocupados, reencolando petición de IBE-016
Avión IBE-016 cola: LANDING_REQUESTED
Operario 2: Recursos ocupados, reencolando petición de IBE-020
Avión IBE-020 cola: TAKEOFF_REQUESTED
Operario 5: Recursos ocupados, reencolando petición de IBE-007
Avión IBE-007 cola: LANDING_REQUESTED
Operario 1 atiende petición de Avión IBE-014
Operario 3 atiende petición de Avión IBE-001
Operario 4 atiende petición de Avión IBE-008
Operario 2 atiende petición de Avión IBE-009
Operario 5 atiende petición de Avión IBE-017
Operario 1: Recursos ocupados, reencolando petición de IBE-014
Avión IBE-014 cola: LANDING_REQUESTED
Operario 3: Recursos ocupados, reencolando petición de IBE-001
Avión IBE-001 cola: LANDING_REQUESTED
Operario 4: Recursos ocupados, reencolando petición de IBE-008
Avión IBE-008 cola: TAKEOFF_REQUESTED
Operario 2: Recursos ocupados, reencolando petición de IBE-009
Avión IBE-009 cola: LANDING_REQUESTED
Operario 5: Recursos ocupados, reencolando petición de IBE-017
Avión IBE-017 cola: TAKEOFF_REQUESTED
Operario 1 atiende petición de Avión IBE-005
Operario 3 atiende petición de Avión IBE-010
Operario 2 atiende petición de Avión IBE-003
Operario 4 atiende petición de Avión IBE-018
Operario 5 atiende petición de Avión IBE-002
Operario 1: Recursos ocupados, reencolando petición de IBE-005
Avión IBE-005 cola: LANDING_REQUESTED
Operario 3: Recursos ocupados, reencolando petición de IBE-010
Avión IBE-010 cola: TAKEOFF_REQUESTED
Operario 2: Recursos ocupados, reencolando petición de IBE-003
Avión IBE-003 cola: TAKEOFF_REQUESTED
Operario 4: Recursos ocupados, reencolando petición de IBE-018
Avión IBE-018 cola: LANDING_REQUESTED
Operario 5: Recursos ocupados, reencolando petición de IBE-002
Avión IBE-002 cola: LANDING_REQUESTED
